Invalid HTTP_HOST header: 'mediabourse.ir'. You may need to add 'mediabourse.ir' to ALLOWED_HOSTS.
Bad Request: /
Invalid HTTP_HOST header: 'mediabourse.ir'. You may need to add 'mediabourse.ir' to ALLOWED_HOSTS.
Bad Request: /favicon.ico
Invalid HTTP_HOST header: 'bitfin.ir'. You may need to add 'bitfin.ir' to ALLOWED_HOSTS.
Bad Request: /favicon.ico
Invalid HTTP_HOST header: 'mediabourse.ir'. You may need to add 'mediabourse.ir' to ALLOWED_HOSTS.
Bad Request: /
Invalid HTTP_HOST header: 'mediabourse.ir'. You may need to add 'mediabourse.ir' to ALLOWED_HOSTS.
Bad Request: /favicon.ico
Invalid HTTP_HOST header: 'mediabourse.ir'. You may need to add 'mediabourse.ir' to ALLOWED_HOSTS.
Bad Request: /
Invalid HTTP_HOST header: 'mediabourse.ir'. You may need to add 'mediabourse.ir' to ALLOWED_HOSTS.
Bad Request: /favicon.ico
Invalid HTTP_HOST header: 'mediabourse.ir'. You may need to add 'mediabourse.ir' to ALLOWED_HOSTS.
Bad Request: /
Invalid HTTP_HOST header: 'mediabourse.ir'. You may need to add 'mediabourse.ir' to ALLOWED_HOSTS.
Bad Request: /favicon.ico
Invalid HTTP_HOST header: 'mediabourse.ir'. You may need to add 'mediabourse.ir' to ALLOWED_HOSTS.
Bad Request: /
Invalid HTTP_HOST header: 'mediabourse.ir'. You may need to add 'mediabourse.ir' to ALLOWED_HOSTS.
Bad Request: /favicon.ico
Invalid HTTP_HOST header: 'mediabourse.ir'. You may need to add 'mediabourse.ir' to ALLOWED_HOSTS.
Bad Request: /
Invalid HTTP_HOST header: 'mediabourse.ir'. You may need to add 'mediabourse.ir' to ALLOWED_HOSTS.
Bad Request: /favicon.ico
Invalid HTTP_HOST header: 'mediabourse.ir'. You may need to add 'mediabourse.ir' to ALLOWED_HOSTS.
Bad Request: /
Invalid HTTP_HOST header: 'mediabourse.ir'. You may need to add 'mediabourse.ir' to ALLOWED_HOSTS.
Bad Request: /favicon.ico
Invalid HTTP_HOST header: 'mediabourse.ir'. You may need to add 'mediabourse.ir' to ALLOWED_HOSTS.
Bad Request: /
Invalid HTTP_HOST header: 'mediabourse.ir'. You may need to add 'mediabourse.ir' to ALLOWED_HOSTS.
Bad Request: /favicon.ico
Invalid HTTP_HOST header: 'mediabourse.ir'. You may need to add 'mediabourse.ir' to ALLOWED_HOSTS.
Bad Request: /
Invalid HTTP_HOST header: 'mediabourse.ir'. You may need to add 'mediabourse.ir' to ALLOWED_HOSTS.
Bad Request: /favicon.ico
Invalid HTTP_HOST header: 'mediabourse.ir'. You may need to add 'mediabourse.ir' to ALLOWED_HOSTS.
Bad Request: /
Invalid HTTP_HOST header: 'mediabourse.ir'. You may need to add 'mediabourse.ir' to ALLOWED_HOSTS.
Bad Request: /favicon.ico
Invalid HTTP_HOST header: 'mediabourse.ir'. You may need to add 'mediabourse.ir' to ALLOWED_HOSTS.
Bad Request: /
Invalid HTTP_HOST header: 'mediabourse.ir'. You may need to add 'mediabourse.ir' to ALLOWED_HOSTS.
Invalid HTTP_HOST header: 'mediabourse.ir'. You may need to add 'mediabourse.ir' to ALLOWED_HOSTS.
Bad Request: /favicon.ico
Bad Request: /
Invalid HTTP_HOST header: 'mediabourse.ir'. You may need to add 'mediabourse.ir' to ALLOWED_HOSTS.
Invalid HTTP_HOST header: 'mediabourse.ir'. You may need to add 'mediabourse.ir' to ALLOWED_HOSTS.
Bad Request: /favicon.ico
Bad Request: /
Invalid HTTP_HOST header: 'mediabourse.ir'. You may need to add 'mediabourse.ir' to ALLOWED_HOSTS.
Bad Request: /
Invalid HTTP_HOST header: 'mediabourse.ir'. You may need to add 'mediabourse.ir' to ALLOWED_HOSTS.
Bad Request: /favicon.ico
Invalid HTTP_HOST header: 'mediabourse.ir'. You may need to add 'mediabourse.ir' to ALLOWED_HOSTS.
Bad Request: /
Invalid HTTP_HOST header: 'mediabourse.ir'. You may need to add 'mediabourse.ir' to ALLOWED_HOSTS.
Bad Request: /favicon.ico
Invalid HTTP_HOST header: 'mediabourse.ir'. You may need to add 'mediabourse.ir' to ALLOWED_HOSTS.
Bad Request: /
Invalid HTTP_HOST header: 'mediabourse.ir'. You may need to add 'mediabourse.ir' to ALLOWED_HOSTS.
Bad Request: /favicon.ico
Invalid HTTP_HOST header: 'mediabourse.ir'. You may need to add 'mediabourse.ir' to ALLOWED_HOSTS.
Bad Request: /
Invalid HTTP_HOST header: 'mediabourse.ir'. You may need to add 'mediabourse.ir' to ALLOWED_HOSTS.
Bad Request: /favicon.ico
Invalid HTTP_HOST header: 'mediabourse.ir'. You may need to add 'mediabourse.ir' to ALLOWED_HOSTS.
Bad Request: /
Invalid HTTP_HOST header: 'mediabourse.ir'. You may need to add 'mediabourse.ir' to ALLOWED_HOSTS.
Bad Request: /favicon.ico
Invalid HTTP_HOST header: 'mediabourse.ir'. You may need to add 'mediabourse.ir' to ALLOWED_HOSTS.
Bad Request: /
Invalid HTTP_HOST header: 'mediabourse.ir'. You may need to add 'mediabourse.ir' to ALLOWED_HOSTS.
Bad Request: /favicon.ico
Invalid HTTP_HOST header: 'mediabourse.ir'. You may need to add 'mediabourse.ir' to ALLOWED_HOSTS.
Bad Request: /
Invalid HTTP_HOST header: 'mediabourse.ir'. You may need to add 'mediabourse.ir' to ALLOWED_HOSTS.
Bad Request: /favicon.ico
Invalid HTTP_HOST header: 'bitfin.ir'. You may need to add 'bitfin.ir' to ALLOWED_HOSTS.
Bad Request: /favicon.ico
Invalid HTTP_HOST header: 'bitfin.ir'. You may need to add 'bitfin.ir' to ALLOWED_HOSTS.
Bad Request: /favicon.ico
Invalid HTTP_HOST header: 'bitfin.ir'. You may need to add 'bitfin.ir' to ALLOWED_HOSTS.
Bad Request: /favicon.ico
Invalid HTTP_HOST header: 'bitfin.ir'. You may need to add 'bitfin.ir' to ALLOWED_HOSTS.
Bad Request: /favicon.ico
Invalid HTTP_HOST header: 'mediabourse.ir'. You may need to add 'mediabourse.ir' to ALLOWED_HOSTS.
Bad Request: /
Invalid HTTP_HOST header: 'mediabourse.ir'. You may need to add 'mediabourse.ir' to ALLOWED_HOSTS.
Bad Request: /favicon.ico
Invalid HTTP_HOST header: 'mediabourse.ir'. You may need to add 'mediabourse.ir' to ALLOWED_HOSTS.
Bad Request: /
Invalid HTTP_HOST header: 'mediabourse.ir'. You may need to add 'mediabourse.ir' to ALLOWED_HOSTS.
Bad Request: /favicon.ico
Invalid HTTP_HOST header: 'mediabourse.ir'. You may need to add 'mediabourse.ir' to ALLOWED_HOSTS.
Bad Request: /
Invalid HTTP_HOST header: 'mediabourse.ir'. You may need to add 'mediabourse.ir' to ALLOWED_HOSTS.
Invalid HTTP_HOST header: 'mediabourse.ir'. You may need to add 'mediabourse.ir' to ALLOWED_HOSTS.
Bad Request: /favicon.ico
Bad Request: /
Invalid HTTP_HOST header: 'mediabourse.ir'. You may need to add 'mediabourse.ir' to ALLOWED_HOSTS.
Invalid HTTP_HOST header: 'mediabourse.ir'. You may need to add 'mediabourse.ir' to ALLOWED_HOSTS.
Bad Request: /
Bad Request: /favicon.ico
Invalid HTTP_HOST header: 'mediabourse.ir'. You may need to add 'mediabourse.ir' to ALLOWED_HOSTS.
Bad Request: /favicon.ico
Invalid HTTP_HOST header: 'mediabourse.ir'. You may need to add 'mediabourse.ir' to ALLOWED_HOSTS.
Bad Request: /
Invalid HTTP_HOST header: 'mediabourse.ir'. You may need to add 'mediabourse.ir' to ALLOWED_HOSTS.
Bad Request: /favicon.ico
Invalid HTTP_HOST header: 'mediabourse.ir'. You may need to add 'mediabourse.ir' to ALLOWED_HOSTS.
Bad Request: /
Invalid HTTP_HOST header: 'mediabourse.ir'. You may need to add 'mediabourse.ir' to ALLOWED_HOSTS.
Invalid HTTP_HOST header: 'mediabourse.ir'. You may need to add 'mediabourse.ir' to ALLOWED_HOSTS.
Bad Request: /
Bad Request: /favicon.ico
Invalid HTTP_HOST header: 'mediabourse.ir'. You may need to add 'mediabourse.ir' to ALLOWED_HOSTS.
Invalid HTTP_HOST header: 'mediabourse.ir'. You may need to add 'mediabourse.ir' to ALLOWED_HOSTS.
Bad Request: /favicon.ico
Invalid HTTP_HOST header: 'mediabourse.ir'. You may need to add 'mediabourse.ir' to ALLOWED_HOSTS.
Bad Request: /
Bad Request: /
Invalid HTTP_HOST header: 'mediabourse.ir'. You may need to add 'mediabourse.ir' to ALLOWED_HOSTS.
Invalid HTTP_HOST header: 'mediabourse.ir'. You may need to add 'mediabourse.ir' to ALLOWED_HOSTS.
Bad Request: /
Bad Request: /favicon.ico
Invalid HTTP_HOST header: 'mediabourse.ir'. You may need to add 'mediabourse.ir' to ALLOWED_HOSTS.
Bad Request: /favicon.ico
Invalid HTTP_HOST header: 'mediabourse.ir'. You may need to add 'mediabourse.ir' to ALLOWED_HOSTS.
Bad Request: /
Invalid HTTP_HOST header: 'mediabourse.ir'. You may need to add 'mediabourse.ir' to ALLOWED_HOSTS.
Bad Request: /favicon.ico
Invalid HTTP_HOST header: 'mediabourse.ir'. You may need to add 'mediabourse.ir' to ALLOWED_HOSTS.
Bad Request: /
Invalid HTTP_HOST header: 'mediabourse.ir'. You may need to add 'mediabourse.ir' to ALLOWED_HOSTS.
Invalid HTTP_HOST header: 'mediabourse.ir'. You may need to add 'mediabourse.ir' to ALLOWED_HOSTS.
Bad Request: /favicon.ico
Bad Request: /
Invalid HTTP_HOST header: 'mediabourse.ir'. You may need to add 'mediabourse.ir' to ALLOWED_HOSTS.
Invalid HTTP_HOST header: 'mediabourse.ir'. You may need to add 'mediabourse.ir' to ALLOWED_HOSTS.
Bad Request: /
Bad Request: /favicon.ico
Invalid HTTP_HOST header: 'mediabourse.ir'. You may need to add 'mediabourse.ir' to ALLOWED_HOSTS.
Bad Request: /
Invalid HTTP_HOST header: 'mediabourse.ir'. You may need to add 'mediabourse.ir' to ALLOWED_HOSTS.
Bad Request: /favicon.ico
Invalid HTTP_HOST header: 'mediabourse.ir'. You may need to add 'mediabourse.ir' to ALLOWED_HOSTS.
Bad Request: /
Invalid HTTP_HOST header: 'mediabourse.ir'. You may need to add 'mediabourse.ir' to ALLOWED_HOSTS.
Bad Request: /favicon.ico
Invalid HTTP_HOST header: 'mediabourse.ir'. You may need to add 'mediabourse.ir' to ALLOWED_HOSTS.
Bad Request: /
Invalid HTTP_HOST header: 'mediabourse.ir'. You may need to add 'mediabourse.ir' to ALLOWED_HOSTS.
Invalid HTTP_HOST header: 'mediabourse.ir'. You may need to add 'mediabourse.ir' to ALLOWED_HOSTS.
Bad Request: /
Bad Request: /favicon.ico
Invalid HTTP_HOST header: 'mediabourse.ir'. You may need to add 'mediabourse.ir' to ALLOWED_HOSTS.
Invalid HTTP_HOST header: 'mediabourse.ir'. You may need to add 'mediabourse.ir' to ALLOWED_HOSTS.
Bad Request: /
Bad Request: /favicon.ico
Invalid HTTP_HOST header: 'mediabourse.ir'. You may need to add 'mediabourse.ir' to ALLOWED_HOSTS.
Invalid HTTP_HOST header: 'mediabourse.ir'. You may need to add 'mediabourse.ir' to ALLOWED_HOSTS.
Bad Request: /
Bad Request: /favicon.ico
Invalid HTTP_HOST header: 'mediabourse.ir'. You may need to add 'mediabourse.ir' to ALLOWED_HOSTS.
Bad Request: /favicon.ico
Invalid HTTP_HOST header: 'mediabourse.ir'. You may need to add 'mediabourse.ir' to ALLOWED_HOSTS.
Bad Request: /
Invalid HTTP_HOST header: 'mediabourse.ir'. You may need to add 'mediabourse.ir' to ALLOWED_HOSTS.
Bad Request: /favicon.ico
Invalid HTTP_HOST header: 'mediabourse.ir'. You may need to add 'mediabourse.ir' to ALLOWED_HOSTS.
Bad Request: /
Invalid HTTP_HOST header: 'mediabourse.ir'. You may need to add 'mediabourse.ir' to ALLOWED_HOSTS.
Invalid HTTP_HOST header: 'mediabourse.ir'. You may need to add 'mediabourse.ir' to ALLOWED_HOSTS.
Bad Request: /favicon.ico
Bad Request: /
Invalid HTTP_HOST header: 'mediabourse.ir'. You may need to add 'mediabourse.ir' to ALLOWED_HOSTS.
Invalid HTTP_HOST header: 'mediabourse.ir'. You may need to add 'mediabourse.ir' to ALLOWED_HOSTS.
Bad Request: /
Bad Request: /favicon.ico
Invalid HTTP_HOST header: 'mediabourse.ir'. You may need to add 'mediabourse.ir' to ALLOWED_HOSTS.
Bad Request: /
Invalid HTTP_HOST header: 'mediabourse.ir'. You may need to add 'mediabourse.ir' to ALLOWED_HOSTS.
Bad Request: /favicon.ico
Invalid HTTP_HOST header: 'bitfin.ir'. You may need to add 'bitfin.ir' to ALLOWED_HOSTS.
Bad Request: /favicon.ico
Invalid HTTP_HOST header: 'bitfin.ir'. You may need to add 'bitfin.ir' to ALLOWED_HOSTS.
Bad Request: /favicon.ico
Invalid HTTP_HOST header: 'mediabourse.ir'. You may need to add 'mediabourse.ir' to ALLOWED_HOSTS.
Bad Request: /
Invalid HTTP_HOST header: 'mediabourse.ir'. You may need to add 'mediabourse.ir' to ALLOWED_HOSTS.
Bad Request: /favicon.ico
Invalid HTTP_HOST header: 'bitfin.ir'. You may need to add 'bitfin.ir' to ALLOWED_HOSTS.
Bad Request: /favicon.ico
Invalid HTTP_HOST header: 'bitfin.ir'. You may need to add 'bitfin.ir' to ALLOWED_HOSTS.
Bad Request: /favicon.ico
Invalid HTTP_HOST header: 'bitfin.ir'. You may need to add 'bitfin.ir' to ALLOWED_HOSTS.
Bad Request: /favicon.ico
Invalid HTTP_HOST header: 'bitfin.ir'. You may need to add 'bitfin.ir' to ALLOWED_HOSTS.
Invalid HTTP_HOST header: 'bitfin.ir'. You may need to add 'bitfin.ir' to ALLOWED_HOSTS.
Bad Request: /
Bad Request: /robots.txt
Invalid HTTP_HOST header: 'bitfin.ir'. You may need to add 'bitfin.ir' to ALLOWED_HOSTS.
Bad Request: /favicon.ico
Invalid HTTP_HOST header: 'bitfin.ir'. You may need to add 'bitfin.ir' to ALLOWED_HOSTS.
Bad Request: /
Invalid HTTP_HOST header: 'bitfin.ir'. You may need to add 'bitfin.ir' to ALLOWED_HOSTS.
Bad Request: /favicon.ico
Invalid HTTP_HOST header: 'bitfin.ir'. You may need to add 'bitfin.ir' to ALLOWED_HOSTS.
Bad Request: /
Invalid HTTP_HOST header: 'bitfin.ir'. You may need to add 'bitfin.ir' to ALLOWED_HOSTS.
Bad Request: /favicon.ico
Invalid HTTP_HOST header: 'mediabourse.ir'. You may need to add 'mediabourse.ir' to ALLOWED_HOSTS.
Invalid HTTP_HOST header: 'mediabourse.ir'. You may need to add 'mediabourse.ir' to ALLOWED_HOSTS.
Bad Request: /
Bad Request: /robots.txt
Invalid HTTP_HOST header: 'mediabourse.ir'. You may need to add 'mediabourse.ir' to ALLOWED_HOSTS.
Bad Request: /favicon.ico
Invalid HTTP_HOST header: 'mediabourse.ir'. You may need to add 'mediabourse.ir' to ALLOWED_HOSTS.
Bad Request: /
Invalid HTTP_HOST header: 'mediabourse.ir'. You may need to add 'mediabourse.ir' to ALLOWED_HOSTS.
Bad Request: /favicon.ico
Invalid HTTP_HOST header: 'mediabourse.ir'. You may need to add 'mediabourse.ir' to ALLOWED_HOSTS.
Bad Request: /
Invalid HTTP_HOST header: 'mediabourse.ir'. You may need to add 'mediabourse.ir' to ALLOWED_HOSTS.
Bad Request: /favicon.ico
Invalid HTTP_HOST header: 'mediabourse.ir'. You may need to add 'mediabourse.ir' to ALLOWED_HOSTS.
Bad Request: /
Invalid HTTP_HOST header: 'mediabourse.ir'. You may need to add 'mediabourse.ir' to ALLOWED_HOSTS.
Bad Request: /favicon.ico
Not Found: /favicon.ico
Not Found: /favicon.ico
Not Found: /favicon.ico
Not Found: /favicon.ico
Invalid HTTP_HOST header: 'mediabourse.ir'. You may need to add 'mediabourse.ir' to ALLOWED_HOSTS.
Bad Request: /
Invalid HTTP_HOST header: 'mediabourse.ir'. You may need to add 'mediabourse.ir' to ALLOWED_HOSTS.
Bad Request: /
Internal Server Error: /
Traceback (most recent call last):
  File "/home/boorchin/virtualenv/M1/3.7/lib/python3.7/site-packages/django/template/smartif.py", line 175, in translate_token
    op = OPERATORS[token]
KeyError: 'new.createAt|is_past_due:new.createAt'

During handling of the above exception, another exception occurred:

Traceback (most recent call last):
  File "/home/boorchin/virtualenv/M1/3.7/lib/python3.7/site-packages/django/core/handlers/exception.py", line 34, in inner
    response = get_response(request)
  File "/home/boorchin/virtualenv/M1/3.7/lib/python3.7/site-packages/django/core/handlers/base.py", line 115, in _get_response
    response = self.process_exception_by_middleware(e, request)
  File "/home/boorchin/virtualenv/M1/3.7/lib/python3.7/site-packages/django/core/handlers/base.py", line 113, in _get_response
    response = wrapped_callback(request, *callback_args, **callback_kwargs)
  File "/home/boorchin/M1/bourseapp/views.py", line 47, in index
    'technicals': technicals,
  File "/home/boorchin/virtualenv/M1/3.7/lib/python3.7/site-packages/django/shortcuts.py", line 36, in render
    content = loader.render_to_string(template_name, context, request, using=using)
  File "/home/boorchin/virtualenv/M1/3.7/lib/python3.7/site-packages/django/template/loader.py", line 61, in render_to_string
    template = get_template(template_name, using=using)
  File "/home/boorchin/virtualenv/M1/3.7/lib/python3.7/site-packages/django/template/loader.py", line 15, in get_template
    return engine.get_template(template_name)
  File "/home/boorchin/virtualenv/M1/3.7/lib/python3.7/site-packages/django/template/backends/django.py", line 34, in get_template
    return Template(self.engine.get_template(template_name), self)
  File "/home/boorchin/virtualenv/M1/3.7/lib/python3.7/site-packages/django/template/engine.py", line 143, in get_template
    template, origin = self.find_template(template_name)
  File "/home/boorchin/virtualenv/M1/3.7/lib/python3.7/site-packages/django/template/engine.py", line 125, in find_template
    template = loader.get_template(name, skip=skip)
  File "/home/boorchin/virtualenv/M1/3.7/lib/python3.7/site-packages/django/template/loaders/base.py", line 30, in get_template
    contents, origin, origin.template_name, self.engine,
  File "/home/boorchin/virtualenv/M1/3.7/lib/python3.7/site-packages/django/template/base.py", line 156, in __init__
    self.nodelist = self.compile_nodelist()
  File "/home/boorchin/virtualenv/M1/3.7/lib/python3.7/site-packages/django/template/base.py", line 194, in compile_nodelist
    return parser.parse()
  File "/home/boorchin/virtualenv/M1/3.7/lib/python3.7/site-packages/django/template/base.py", line 478, in parse
    raise self.error(token, e)
  File "/home/boorchin/virtualenv/M1/3.7/lib/python3.7/site-packages/django/template/base.py", line 476, in parse
    compiled_result = compile_func(self, token)
  File "/home/boorchin/virtualenv/M1/3.7/lib/python3.7/site-packages/django/template/loader_tags.py", line 266, in do_extends
    nodelist = parser.parse()
  File "/home/boorchin/virtualenv/M1/3.7/lib/python3.7/site-packages/django/template/base.py", line 478, in parse
    raise self.error(token, e)
  File "/home/boorchin/virtualenv/M1/3.7/lib/python3.7/site-packages/django/template/base.py", line 476, in parse
    compiled_result = compile_func(self, token)
  File "/home/boorchin/virtualenv/M1/3.7/lib/python3.7/site-packages/django/template/loader_tags.py", line 209, in do_block
    nodelist = parser.parse(('endblock',))
  File "/home/boorchin/virtualenv/M1/3.7/lib/python3.7/site-packages/django/template/base.py", line 478, in parse
    raise self.error(token, e)
  File "/home/boorchin/virtualenv/M1/3.7/lib/python3.7/site-packages/django/template/base.py", line 476, in parse
    compiled_result = compile_func(self, token)
  File "/home/boorchin/virtualenv/M1/3.7/lib/python3.7/site-packages/django/template/defaulttags.py", line 811, in do_for
    nodelist_loop = parser.parse(('empty', 'endfor',))
  File "/home/boorchin/virtualenv/M1/3.7/lib/python3.7/site-packages/django/template/base.py", line 478, in parse
    raise self.error(token, e)
  File "/home/boorchin/virtualenv/M1/3.7/lib/python3.7/site-packages/django/template/base.py", line 476, in parse
    compiled_result = compile_func(self, token)
  File "/home/boorchin/virtualenv/M1/3.7/lib/python3.7/site-packages/django/template/defaulttags.py", line 951, in do_if
    condition = TemplateIfParser(parser, bits).parse()
  File "/home/boorchin/virtualenv/M1/3.7/lib/python3.7/site-packages/django/template/defaulttags.py", line 884, in __init__
    super().__init__(*args, **kwargs)
  File "/home/boorchin/virtualenv/M1/3.7/lib/python3.7/site-packages/django/template/smartif.py", line 166, in __init__
    mapped_tokens.append(self.translate_token(token))
  File "/home/boorchin/virtualenv/M1/3.7/lib/python3.7/site-packages/django/template/smartif.py", line 177, in translate_token
    return self.create_var(token)
  File "/home/boorchin/virtualenv/M1/3.7/lib/python3.7/site-packages/django/template/defaulttags.py", line 887, in create_var
    return TemplateLiteral(self.template_parser.compile_filter(value), value)
  File "/home/boorchin/virtualenv/M1/3.7/lib/python3.7/site-packages/django/template/base.py", line 563, in compile_filter
    return FilterExpression(token, self)
  File "/home/boorchin/virtualenv/M1/3.7/lib/python3.7/site-packages/django/template/base.py", line 657, in __init__
    filter_func = parser.find_filter(filter_name)
  File "/home/boorchin/virtualenv/M1/3.7/lib/python3.7/site-packages/django/template/base.py", line 569, in find_filter
    raise TemplateSyntaxError("Invalid filter: '%s'" % filter_name)
django.template.exceptions.TemplateSyntaxError: Invalid filter: 'is_past_due'
Internal Server Error: /
Traceback (most recent call last):
  File "/home/boorchin/virtualenv/M1/3.7/lib/python3.7/site-packages/django/template/smartif.py", line 175, in translate_token
    op = OPERATORS[token]
KeyError: 'new.createAt|is_past_due:new.createAt'

During handling of the above exception, another exception occurred:

Traceback (most recent call last):
  File "/home/boorchin/virtualenv/M1/3.7/lib/python3.7/site-packages/django/core/handlers/exception.py", line 34, in inner
    response = get_response(request)
  File "/home/boorchin/virtualenv/M1/3.7/lib/python3.7/site-packages/django/core/handlers/base.py", line 115, in _get_response
    response = self.process_exception_by_middleware(e, request)
  File "/home/boorchin/virtualenv/M1/3.7/lib/python3.7/site-packages/django/core/handlers/base.py", line 113, in _get_response
    response = wrapped_callback(request, *callback_args, **callback_kwargs)
  File "/home/boorchin/M1/bourseapp/views.py", line 47, in index
    'technicals': technicals,
  File "/home/boorchin/virtualenv/M1/3.7/lib/python3.7/site-packages/django/shortcuts.py", line 36, in render
    content = loader.render_to_string(template_name, context, request, using=using)
  File "/home/boorchin/virtualenv/M1/3.7/lib/python3.7/site-packages/django/template/loader.py", line 61, in render_to_string
    template = get_template(template_name, using=using)
  File "/home/boorchin/virtualenv/M1/3.7/lib/python3.7/site-packages/django/template/loader.py", line 15, in get_template
    return engine.get_template(template_name)
  File "/home/boorchin/virtualenv/M1/3.7/lib/python3.7/site-packages/django/template/backends/django.py", line 34, in get_template
    return Template(self.engine.get_template(template_name), self)
  File "/home/boorchin/virtualenv/M1/3.7/lib/python3.7/site-packages/django/template/engine.py", line 143, in get_template
    template, origin = self.find_template(template_name)
  File "/home/boorchin/virtualenv/M1/3.7/lib/python3.7/site-packages/django/template/engine.py", line 125, in find_template
    template = loader.get_template(name, skip=skip)
  File "/home/boorchin/virtualenv/M1/3.7/lib/python3.7/site-packages/django/template/loaders/base.py", line 30, in get_template
    contents, origin, origin.template_name, self.engine,
  File "/home/boorchin/virtualenv/M1/3.7/lib/python3.7/site-packages/django/template/base.py", line 156, in __init__
    self.nodelist = self.compile_nodelist()
  File "/home/boorchin/virtualenv/M1/3.7/lib/python3.7/site-packages/django/template/base.py", line 194, in compile_nodelist
    return parser.parse()
  File "/home/boorchin/virtualenv/M1/3.7/lib/python3.7/site-packages/django/template/base.py", line 478, in parse
    raise self.error(token, e)
  File "/home/boorchin/virtualenv/M1/3.7/lib/python3.7/site-packages/django/template/base.py", line 476, in parse
    compiled_result = compile_func(self, token)
  File "/home/boorchin/virtualenv/M1/3.7/lib/python3.7/site-packages/django/template/loader_tags.py", line 266, in do_extends
    nodelist = parser.parse()
  File "/home/boorchin/virtualenv/M1/3.7/lib/python3.7/site-packages/django/template/base.py", line 478, in parse
    raise self.error(token, e)
  File "/home/boorchin/virtualenv/M1/3.7/lib/python3.7/site-packages/django/template/base.py", line 476, in parse
    compiled_result = compile_func(self, token)
  File "/home/boorchin/virtualenv/M1/3.7/lib/python3.7/site-packages/django/template/loader_tags.py", line 209, in do_block
    nodelist = parser.parse(('endblock',))
  File "/home/boorchin/virtualenv/M1/3.7/lib/python3.7/site-packages/django/template/base.py", line 478, in parse
    raise self.error(token, e)
  File "/home/boorchin/virtualenv/M1/3.7/lib/python3.7/site-packages/django/template/base.py", line 476, in parse
    compiled_result = compile_func(self, token)
  File "/home/boorchin/virtualenv/M1/3.7/lib/python3.7/site-packages/django/template/defaulttags.py", line 811, in do_for
    nodelist_loop = parser.parse(('empty', 'endfor',))
  File "/home/boorchin/virtualenv/M1/3.7/lib/python3.7/site-packages/django/template/base.py", line 478, in parse
    raise self.error(token, e)
  File "/home/boorchin/virtualenv/M1/3.7/lib/python3.7/site-packages/django/template/base.py", line 476, in parse
    compiled_result = compile_func(self, token)
  File "/home/boorchin/virtualenv/M1/3.7/lib/python3.7/site-packages/django/template/defaulttags.py", line 951, in do_if
    condition = TemplateIfParser(parser, bits).parse()
  File "/home/boorchin/virtualenv/M1/3.7/lib/python3.7/site-packages/django/template/defaulttags.py", line 884, in __init__
    super().__init__(*args, **kwargs)
  File "/home/boorchin/virtualenv/M1/3.7/lib/python3.7/site-packages/django/template/smartif.py", line 166, in __init__
    mapped_tokens.append(self.translate_token(token))
  File "/home/boorchin/virtualenv/M1/3.7/lib/python3.7/site-packages/django/template/smartif.py", line 177, in translate_token
    return self.create_var(token)
  File "/home/boorchin/virtualenv/M1/3.7/lib/python3.7/site-packages/django/template/defaulttags.py", line 887, in create_var
    return TemplateLiteral(self.template_parser.compile_filter(value), value)
  File "/home/boorchin/virtualenv/M1/3.7/lib/python3.7/site-packages/django/template/base.py", line 563, in compile_filter
    return FilterExpression(token, self)
  File "/home/boorchin/virtualenv/M1/3.7/lib/python3.7/site-packages/django/template/base.py", line 657, in __init__
    filter_func = parser.find_filter(filter_name)
  File "/home/boorchin/virtualenv/M1/3.7/lib/python3.7/site-packages/django/template/base.py", line 569, in find_filter
    raise TemplateSyntaxError("Invalid filter: '%s'" % filter_name)
django.template.exceptions.TemplateSyntaxError: Invalid filter: 'is_past_due'
Not Found: /favicon.ico
Not Found: /static/bourseapp/js/symbol_list.js
Not Found: /static/bourseapp/js/bootstrap.min.js.map
Not Found: /static/bourseapp/css/bootstrap.min.css.map
Not Found: /favicon.ico
2019-12-25 18:21:10.810874 [1769121] Child process with pid: 1810256 was killed by signal: 15, core dump: 0
Not Found: /favicon.ico
2019-12-25 18:21:41.808967 [1769121] Child process with pid: 1841556 was killed by signal: 15, core dump: 0
2019-12-25 18:22:41.964531 [1769121] Child process with pid: 1810391 was killed by signal: 15, core dump: 0
Not Found: /favicon.ico
2019-12-25 19:36:03.065646 [1769121] Child process with pid: 1933174 was killed by signal: 15, core dump: 0
OSError: LSAPI: Socket read/write error
Invalid HTTP_HOST header: 'bitfin.ir'. You may need to add 'bitfin.ir' to ALLOWED_HOSTS.
Bad Request: /
Not Found: /favicon.ico
Not Found: /favicon.ico
Invalid HTTP_HOST header: 'bitfin.ir'. You may need to add 'bitfin.ir' to ALLOWED_HOSTS.
Bad Request: /
Invalid HTTP_HOST header: 'bitfin.ir'. You may need to add 'bitfin.ir' to ALLOWED_HOSTS.
Bad Request: /
Not Found: /favicon.ico
Not Found: /favicon.ico
Not Found: /favicon.ico
Not Found: /favicon.ico
Not Found: /robots.txt
Not Found: /favicon.ico
Not Found: /favicon.ico
Not Found: /favicon.ico
Not Found: /admi
Not Found: /favicon.ico
Not Found: /favicon.ico
Not Found: /favicon.ico
Invalid HTTP_HOST header: 'bitfin.ir'. You may need to add 'bitfin.ir' to ALLOWED_HOSTS.
Bad Request: /wp-login.php
2019-12-26 01:50:38.208508 [1769121] Child process with pid: 2398499 was killed by signal: 15, core dump: 0
2019-12-26 01:50:38.613805 [1769121] Child process with pid: 2398495 was killed by signal: 15, core dump: 0
Invalid HTTP_HOST header: 'mail.bitfin.ir'. You may need to add 'mail.bitfin.ir' to ALLOWED_HOSTS.
Bad Request: /
Invalid HTTP_HOST header: 'mail.mediabourse.ir'. You may need to add 'mail.mediabourse.ir' to ALLOWED_HOSTS.
Bad Request: /
Invalid HTTP_HOST header: 'bitfin.ir'. You may need to add 'bitfin.ir' to ALLOWED_HOSTS.
Bad Request: /
Invalid HTTP_HOST header: 'bitfin.ir'. You may need to add 'bitfin.ir' to ALLOWED_HOSTS.
Bad Request: /
Invalid HTTP_HOST header: 'bitfin.ir'. You may need to add 'bitfin.ir' to ALLOWED_HOSTS.
Bad Request: /backup/wp-login.php
Invalid HTTP_HOST header: 'bitfin.ir'. You may need to add 'bitfin.ir' to ALLOWED_HOSTS.
Bad Request: /wp-login.php
Invalid HTTP_HOST header: 'bitfin.ir'. You may need to add 'bitfin.ir' to ALLOWED_HOSTS.
Bad Request: /
Invalid HTTP_HOST header: 'bitfin.ir'. You may need to add 'bitfin.ir' to ALLOWED_HOSTS.
Bad Request: /
