Invalid HTTP_HOST header: 'mediabourse.ir'. You may need to add 'mediabourse.ir' to ALLOWED_HOSTS.
Bad Request: /
Invalid HTTP_HOST header: 'mediabourse.ir'. You may need to add 'mediabourse.ir' to ALLOWED_HOSTS.
Bad Request: /favicon.ico
Invalid HTTP_HOST header: 'bitfin.ir'. You may need to add 'bitfin.ir' to ALLOWED_HOSTS.
Bad Request: /favicon.ico
Invalid HTTP_HOST header: 'mediabourse.ir'. You may need to add 'mediabourse.ir' to ALLOWED_HOSTS.
Bad Request: /
Invalid HTTP_HOST header: 'mediabourse.ir'. You may need to add 'mediabourse.ir' to ALLOWED_HOSTS.
Bad Request: /favicon.ico
Invalid HTTP_HOST header: 'mediabourse.ir'. You may need to add 'mediabourse.ir' to ALLOWED_HOSTS.
Bad Request: /
Invalid HTTP_HOST header: 'mediabourse.ir'. You may need to add 'mediabourse.ir' to ALLOWED_HOSTS.
Bad Request: /favicon.ico
Invalid HTTP_HOST header: 'mediabourse.ir'. You may need to add 'mediabourse.ir' to ALLOWED_HOSTS.
Bad Request: /
Invalid HTTP_HOST header: 'mediabourse.ir'. You may need to add 'mediabourse.ir' to ALLOWED_HOSTS.
Bad Request: /favicon.ico
Invalid HTTP_HOST header: 'mediabourse.ir'. You may need to add 'mediabourse.ir' to ALLOWED_HOSTS.
Bad Request: /
Invalid HTTP_HOST header: 'mediabourse.ir'. You may need to add 'mediabourse.ir' to ALLOWED_HOSTS.
Bad Request: /favicon.ico
Invalid HTTP_HOST header: 'mediabourse.ir'. You may need to add 'mediabourse.ir' to ALLOWED_HOSTS.
Bad Request: /
Invalid HTTP_HOST header: 'mediabourse.ir'. You may need to add 'mediabourse.ir' to ALLOWED_HOSTS.
Bad Request: /favicon.ico
Invalid HTTP_HOST header: 'mediabourse.ir'. You may need to add 'mediabourse.ir' to ALLOWED_HOSTS.
Bad Request: /
Invalid HTTP_HOST header: 'mediabourse.ir'. You may need to add 'mediabourse.ir' to ALLOWED_HOSTS.
Bad Request: /favicon.ico
Invalid HTTP_HOST header: 'mediabourse.ir'. You may need to add 'mediabourse.ir' to ALLOWED_HOSTS.
Bad Request: /
Invalid HTTP_HOST header: 'mediabourse.ir'. You may need to add 'mediabourse.ir' to ALLOWED_HOSTS.
Bad Request: /favicon.ico
Invalid HTTP_HOST header: 'mediabourse.ir'. You may need to add 'mediabourse.ir' to ALLOWED_HOSTS.
Bad Request: /
Invalid HTTP_HOST header: 'mediabourse.ir'. You may need to add 'mediabourse.ir' to ALLOWED_HOSTS.
Bad Request: /favicon.ico
Invalid HTTP_HOST header: 'mediabourse.ir'. You may need to add 'mediabourse.ir' to ALLOWED_HOSTS.
Bad Request: /
Invalid HTTP_HOST header: 'mediabourse.ir'. You may need to add 'mediabourse.ir' to ALLOWED_HOSTS.
Bad Request: /favicon.ico
Invalid HTTP_HOST header: 'mediabourse.ir'. You may need to add 'mediabourse.ir' to ALLOWED_HOSTS.
Bad Request: /
Invalid HTTP_HOST header: 'mediabourse.ir'. You may need to add 'mediabourse.ir' to ALLOWED_HOSTS.
Invalid HTTP_HOST header: 'mediabourse.ir'. You may need to add 'mediabourse.ir' to ALLOWED_HOSTS.
Bad Request: /favicon.ico
Bad Request: /
Invalid HTTP_HOST header: 'mediabourse.ir'. You may need to add 'mediabourse.ir' to ALLOWED_HOSTS.
Invalid HTTP_HOST header: 'mediabourse.ir'. You may need to add 'mediabourse.ir' to ALLOWED_HOSTS.
Bad Request: /favicon.ico
Bad Request: /
Invalid HTTP_HOST header: 'mediabourse.ir'. You may need to add 'mediabourse.ir' to ALLOWED_HOSTS.
Bad Request: /
Invalid HTTP_HOST header: 'mediabourse.ir'. You may need to add 'mediabourse.ir' to ALLOWED_HOSTS.
Bad Request: /favicon.ico
Invalid HTTP_HOST header: 'mediabourse.ir'. You may need to add 'mediabourse.ir' to ALLOWED_HOSTS.
Bad Request: /
Invalid HTTP_HOST header: 'mediabourse.ir'. You may need to add 'mediabourse.ir' to ALLOWED_HOSTS.
Bad Request: /favicon.ico
Invalid HTTP_HOST header: 'mediabourse.ir'. You may need to add 'mediabourse.ir' to ALLOWED_HOSTS.
Bad Request: /
Invalid HTTP_HOST header: 'mediabourse.ir'. You may need to add 'mediabourse.ir' to ALLOWED_HOSTS.
Bad Request: /favicon.ico
Invalid HTTP_HOST header: 'mediabourse.ir'. You may need to add 'mediabourse.ir' to ALLOWED_HOSTS.
Bad Request: /
Invalid HTTP_HOST header: 'mediabourse.ir'. You may need to add 'mediabourse.ir' to ALLOWED_HOSTS.
Bad Request: /favicon.ico
Invalid HTTP_HOST header: 'mediabourse.ir'. You may need to add 'mediabourse.ir' to ALLOWED_HOSTS.
Bad Request: /
Invalid HTTP_HOST header: 'mediabourse.ir'. You may need to add 'mediabourse.ir' to ALLOWED_HOSTS.
Bad Request: /favicon.ico
Invalid HTTP_HOST header: 'mediabourse.ir'. You may need to add 'mediabourse.ir' to ALLOWED_HOSTS.
Bad Request: /
Invalid HTTP_HOST header: 'mediabourse.ir'. You may need to add 'mediabourse.ir' to ALLOWED_HOSTS.
Bad Request: /favicon.ico
Invalid HTTP_HOST header: 'mediabourse.ir'. You may need to add 'mediabourse.ir' to ALLOWED_HOSTS.
Bad Request: /
Invalid HTTP_HOST header: 'mediabourse.ir'. You may need to add 'mediabourse.ir' to ALLOWED_HOSTS.
Bad Request: /favicon.ico
Invalid HTTP_HOST header: 'bitfin.ir'. You may need to add 'bitfin.ir' to ALLOWED_HOSTS.
Bad Request: /favicon.ico
Invalid HTTP_HOST header: 'bitfin.ir'. You may need to add 'bitfin.ir' to ALLOWED_HOSTS.
Bad Request: /favicon.ico
Invalid HTTP_HOST header: 'bitfin.ir'. You may need to add 'bitfin.ir' to ALLOWED_HOSTS.
Bad Request: /favicon.ico
Invalid HTTP_HOST header: 'bitfin.ir'. You may need to add 'bitfin.ir' to ALLOWED_HOSTS.
Bad Request: /favicon.ico
Invalid HTTP_HOST header: 'mediabourse.ir'. You may need to add 'mediabourse.ir' to ALLOWED_HOSTS.
Bad Request: /
Invalid HTTP_HOST header: 'mediabourse.ir'. You may need to add 'mediabourse.ir' to ALLOWED_HOSTS.
Bad Request: /favicon.ico
Invalid HTTP_HOST header: 'mediabourse.ir'. You may need to add 'mediabourse.ir' to ALLOWED_HOSTS.
Bad Request: /
Invalid HTTP_HOST header: 'mediabourse.ir'. You may need to add 'mediabourse.ir' to ALLOWED_HOSTS.
Bad Request: /favicon.ico
Invalid HTTP_HOST header: 'mediabourse.ir'. You may need to add 'mediabourse.ir' to ALLOWED_HOSTS.
Bad Request: /
Invalid HTTP_HOST header: 'mediabourse.ir'. You may need to add 'mediabourse.ir' to ALLOWED_HOSTS.
Invalid HTTP_HOST header: 'mediabourse.ir'. You may need to add 'mediabourse.ir' to ALLOWED_HOSTS.
Bad Request: /favicon.ico
Bad Request: /
Invalid HTTP_HOST header: 'mediabourse.ir'. You may need to add 'mediabourse.ir' to ALLOWED_HOSTS.
Invalid HTTP_HOST header: 'mediabourse.ir'. You may need to add 'mediabourse.ir' to ALLOWED_HOSTS.
Bad Request: /
Bad Request: /favicon.ico
Invalid HTTP_HOST header: 'mediabourse.ir'. You may need to add 'mediabourse.ir' to ALLOWED_HOSTS.
Bad Request: /favicon.ico
Invalid HTTP_HOST header: 'mediabourse.ir'. You may need to add 'mediabourse.ir' to ALLOWED_HOSTS.
Bad Request: /
Invalid HTTP_HOST header: 'mediabourse.ir'. You may need to add 'mediabourse.ir' to ALLOWED_HOSTS.
Bad Request: /favicon.ico
Invalid HTTP_HOST header: 'mediabourse.ir'. You may need to add 'mediabourse.ir' to ALLOWED_HOSTS.
Bad Request: /
Invalid HTTP_HOST header: 'mediabourse.ir'. You may need to add 'mediabourse.ir' to ALLOWED_HOSTS.
Invalid HTTP_HOST header: 'mediabourse.ir'. You may need to add 'mediabourse.ir' to ALLOWED_HOSTS.
Bad Request: /
Bad Request: /favicon.ico
Invalid HTTP_HOST header: 'mediabourse.ir'. You may need to add 'mediabourse.ir' to ALLOWED_HOSTS.
Invalid HTTP_HOST header: 'mediabourse.ir'. You may need to add 'mediabourse.ir' to ALLOWED_HOSTS.
Bad Request: /favicon.ico
Invalid HTTP_HOST header: 'mediabourse.ir'. You may need to add 'mediabourse.ir' to ALLOWED_HOSTS.
Bad Request: /
Bad Request: /
Invalid HTTP_HOST header: 'mediabourse.ir'. You may need to add 'mediabourse.ir' to ALLOWED_HOSTS.
Invalid HTTP_HOST header: 'mediabourse.ir'. You may need to add 'mediabourse.ir' to ALLOWED_HOSTS.
Bad Request: /
Bad Request: /favicon.ico
Invalid HTTP_HOST header: 'mediabourse.ir'. You may need to add 'mediabourse.ir' to ALLOWED_HOSTS.
Bad Request: /favicon.ico
Invalid HTTP_HOST header: 'mediabourse.ir'. You may need to add 'mediabourse.ir' to ALLOWED_HOSTS.
Bad Request: /
Invalid HTTP_HOST header: 'mediabourse.ir'. You may need to add 'mediabourse.ir' to ALLOWED_HOSTS.
Bad Request: /favicon.ico
Invalid HTTP_HOST header: 'mediabourse.ir'. You may need to add 'mediabourse.ir' to ALLOWED_HOSTS.
Bad Request: /
Invalid HTTP_HOST header: 'mediabourse.ir'. You may need to add 'mediabourse.ir' to ALLOWED_HOSTS.
Invalid HTTP_HOST header: 'mediabourse.ir'. You may need to add 'mediabourse.ir' to ALLOWED_HOSTS.
Bad Request: /favicon.ico
Bad Request: /
Invalid HTTP_HOST header: 'mediabourse.ir'. You may need to add 'mediabourse.ir' to ALLOWED_HOSTS.
Invalid HTTP_HOST header: 'mediabourse.ir'. You may need to add 'mediabourse.ir' to ALLOWED_HOSTS.
Bad Request: /
Bad Request: /favicon.ico
Invalid HTTP_HOST header: 'mediabourse.ir'. You may need to add 'mediabourse.ir' to ALLOWED_HOSTS.
Bad Request: /
Invalid HTTP_HOST header: 'mediabourse.ir'. You may need to add 'mediabourse.ir' to ALLOWED_HOSTS.
Bad Request: /favicon.ico
Invalid HTTP_HOST header: 'mediabourse.ir'. You may need to add 'mediabourse.ir' to ALLOWED_HOSTS.
Bad Request: /
Invalid HTTP_HOST header: 'mediabourse.ir'. You may need to add 'mediabourse.ir' to ALLOWED_HOSTS.
Bad Request: /favicon.ico
Invalid HTTP_HOST header: 'mediabourse.ir'. You may need to add 'mediabourse.ir' to ALLOWED_HOSTS.
Bad Request: /
Invalid HTTP_HOST header: 'mediabourse.ir'. You may need to add 'mediabourse.ir' to ALLOWED_HOSTS.
Invalid HTTP_HOST header: 'mediabourse.ir'. You may need to add 'mediabourse.ir' to ALLOWED_HOSTS.
Bad Request: /
Bad Request: /favicon.ico
Invalid HTTP_HOST header: 'mediabourse.ir'. You may need to add 'mediabourse.ir' to ALLOWED_HOSTS.
Invalid HTTP_HOST header: 'mediabourse.ir'. You may need to add 'mediabourse.ir' to ALLOWED_HOSTS.
Bad Request: /
Bad Request: /favicon.ico
Invalid HTTP_HOST header: 'mediabourse.ir'. You may need to add 'mediabourse.ir' to ALLOWED_HOSTS.
Invalid HTTP_HOST header: 'mediabourse.ir'. You may need to add 'mediabourse.ir' to ALLOWED_HOSTS.
Bad Request: /
Bad Request: /favicon.ico
Invalid HTTP_HOST header: 'mediabourse.ir'. You may need to add 'mediabourse.ir' to ALLOWED_HOSTS.
Bad Request: /favicon.ico
Invalid HTTP_HOST header: 'mediabourse.ir'. You may need to add 'mediabourse.ir' to ALLOWED_HOSTS.
Bad Request: /
Invalid HTTP_HOST header: 'mediabourse.ir'. You may need to add 'mediabourse.ir' to ALLOWED_HOSTS.
Bad Request: /favicon.ico
Invalid HTTP_HOST header: 'mediabourse.ir'. You may need to add 'mediabourse.ir' to ALLOWED_HOSTS.
Bad Request: /
Invalid HTTP_HOST header: 'mediabourse.ir'. You may need to add 'mediabourse.ir' to ALLOWED_HOSTS.
Invalid HTTP_HOST header: 'mediabourse.ir'. You may need to add 'mediabourse.ir' to ALLOWED_HOSTS.
Bad Request: /favicon.ico
Bad Request: /
Invalid HTTP_HOST header: 'mediabourse.ir'. You may need to add 'mediabourse.ir' to ALLOWED_HOSTS.
Invalid HTTP_HOST header: 'mediabourse.ir'. You may need to add 'mediabourse.ir' to ALLOWED_HOSTS.
Bad Request: /
Bad Request: /favicon.ico
Invalid HTTP_HOST header: 'mediabourse.ir'. You may need to add 'mediabourse.ir' to ALLOWED_HOSTS.
Bad Request: /
Invalid HTTP_HOST header: 'mediabourse.ir'. You may need to add 'mediabourse.ir' to ALLOWED_HOSTS.
Bad Request: /favicon.ico
Invalid HTTP_HOST header: 'bitfin.ir'. You may need to add 'bitfin.ir' to ALLOWED_HOSTS.
Bad Request: /favicon.ico
Invalid HTTP_HOST header: 'bitfin.ir'. You may need to add 'bitfin.ir' to ALLOWED_HOSTS.
Bad Request: /favicon.ico
Invalid HTTP_HOST header: 'mediabourse.ir'. You may need to add 'mediabourse.ir' to ALLOWED_HOSTS.
Bad Request: /
Invalid HTTP_HOST header: 'mediabourse.ir'. You may need to add 'mediabourse.ir' to ALLOWED_HOSTS.
Bad Request: /favicon.ico
Invalid HTTP_HOST header: 'bitfin.ir'. You may need to add 'bitfin.ir' to ALLOWED_HOSTS.
Bad Request: /favicon.ico
Invalid HTTP_HOST header: 'bitfin.ir'. You may need to add 'bitfin.ir' to ALLOWED_HOSTS.
Bad Request: /favicon.ico
Invalid HTTP_HOST header: 'bitfin.ir'. You may need to add 'bitfin.ir' to ALLOWED_HOSTS.
Bad Request: /favicon.ico
Invalid HTTP_HOST header: 'bitfin.ir'. You may need to add 'bitfin.ir' to ALLOWED_HOSTS.
Invalid HTTP_HOST header: 'bitfin.ir'. You may need to add 'bitfin.ir' to ALLOWED_HOSTS.
Bad Request: /
Bad Request: /robots.txt
Invalid HTTP_HOST header: 'bitfin.ir'. You may need to add 'bitfin.ir' to ALLOWED_HOSTS.
Bad Request: /favicon.ico
Invalid HTTP_HOST header: 'bitfin.ir'. You may need to add 'bitfin.ir' to ALLOWED_HOSTS.
Bad Request: /
Invalid HTTP_HOST header: 'bitfin.ir'. You may need to add 'bitfin.ir' to ALLOWED_HOSTS.
Bad Request: /favicon.ico
Invalid HTTP_HOST header: 'bitfin.ir'. You may need to add 'bitfin.ir' to ALLOWED_HOSTS.
Bad Request: /
Invalid HTTP_HOST header: 'bitfin.ir'. You may need to add 'bitfin.ir' to ALLOWED_HOSTS.
Bad Request: /favicon.ico
Invalid HTTP_HOST header: 'mediabourse.ir'. You may need to add 'mediabourse.ir' to ALLOWED_HOSTS.
Invalid HTTP_HOST header: 'mediabourse.ir'. You may need to add 'mediabourse.ir' to ALLOWED_HOSTS.
Bad Request: /
Bad Request: /robots.txt
Invalid HTTP_HOST header: 'mediabourse.ir'. You may need to add 'mediabourse.ir' to ALLOWED_HOSTS.
Bad Request: /favicon.ico
Invalid HTTP_HOST header: 'mediabourse.ir'. You may need to add 'mediabourse.ir' to ALLOWED_HOSTS.
Bad Request: /
Invalid HTTP_HOST header: 'mediabourse.ir'. You may need to add 'mediabourse.ir' to ALLOWED_HOSTS.
Bad Request: /favicon.ico
Invalid HTTP_HOST header: 'mediabourse.ir'. You may need to add 'mediabourse.ir' to ALLOWED_HOSTS.
Bad Request: /
Invalid HTTP_HOST header: 'mediabourse.ir'. You may need to add 'mediabourse.ir' to ALLOWED_HOSTS.
Bad Request: /favicon.ico
Invalid HTTP_HOST header: 'mediabourse.ir'. You may need to add 'mediabourse.ir' to ALLOWED_HOSTS.
Bad Request: /
Invalid HTTP_HOST header: 'mediabourse.ir'. You may need to add 'mediabourse.ir' to ALLOWED_HOSTS.
Bad Request: /favicon.ico
Not Found: /favicon.ico
Not Found: /favicon.ico
Not Found: /favicon.ico
Not Found: /favicon.ico
Invalid HTTP_HOST header: 'mediabourse.ir'. You may need to add 'mediabourse.ir' to ALLOWED_HOSTS.
Bad Request: /
Invalid HTTP_HOST header: 'mediabourse.ir'. You may need to add 'mediabourse.ir' to ALLOWED_HOSTS.
Bad Request: /
Internal Server Error: /
Traceback (most recent call last):
  File "/home/boorchin/virtualenv/M1/3.7/lib/python3.7/site-packages/django/template/smartif.py", line 175, in translate_token
    op = OPERATORS[token]
KeyError: 'new.createAt|is_past_due:new.createAt'

During handling of the above exception, another exception occurred:

Traceback (most recent call last):
  File "/home/boorchin/virtualenv/M1/3.7/lib/python3.7/site-packages/django/core/handlers/exception.py", line 34, in inner
    response = get_response(request)
  File "/home/boorchin/virtualenv/M1/3.7/lib/python3.7/site-packages/django/core/handlers/base.py", line 115, in _get_response
    response = self.process_exception_by_middleware(e, request)
  File "/home/boorchin/virtualenv/M1/3.7/lib/python3.7/site-packages/django/core/handlers/base.py", line 113, in _get_response
    response = wrapped_callback(request, *callback_args, **callback_kwargs)
  File "/home/boorchin/M1/bourseapp/views.py", line 47, in index
    'technicals': technicals,
  File "/home/boorchin/virtualenv/M1/3.7/lib/python3.7/site-packages/django/shortcuts.py", line 36, in render
    content = loader.render_to_string(template_name, context, request, using=using)
  File "/home/boorchin/virtualenv/M1/3.7/lib/python3.7/site-packages/django/template/loader.py", line 61, in render_to_string
    template = get_template(template_name, using=using)
  File "/home/boorchin/virtualenv/M1/3.7/lib/python3.7/site-packages/django/template/loader.py", line 15, in get_template
    return engine.get_template(template_name)
  File "/home/boorchin/virtualenv/M1/3.7/lib/python3.7/site-packages/django/template/backends/django.py", line 34, in get_template
    return Template(self.engine.get_template(template_name), self)
  File "/home/boorchin/virtualenv/M1/3.7/lib/python3.7/site-packages/django/template/engine.py", line 143, in get_template
    template, origin = self.find_template(template_name)
  File "/home/boorchin/virtualenv/M1/3.7/lib/python3.7/site-packages/django/template/engine.py", line 125, in find_template
    template = loader.get_template(name, skip=skip)
  File "/home/boorchin/virtualenv/M1/3.7/lib/python3.7/site-packages/django/template/loaders/base.py", line 30, in get_template
    contents, origin, origin.template_name, self.engine,
  File "/home/boorchin/virtualenv/M1/3.7/lib/python3.7/site-packages/django/template/base.py", line 156, in __init__
    self.nodelist = self.compile_nodelist()
  File "/home/boorchin/virtualenv/M1/3.7/lib/python3.7/site-packages/django/template/base.py", line 194, in compile_nodelist
    return parser.parse()
  File "/home/boorchin/virtualenv/M1/3.7/lib/python3.7/site-packages/django/template/base.py", line 478, in parse
    raise self.error(token, e)
  File "/home/boorchin/virtualenv/M1/3.7/lib/python3.7/site-packages/django/template/base.py", line 476, in parse
    compiled_result = compile_func(self, token)
  File "/home/boorchin/virtualenv/M1/3.7/lib/python3.7/site-packages/django/template/loader_tags.py", line 266, in do_extends
    nodelist = parser.parse()
  File "/home/boorchin/virtualenv/M1/3.7/lib/python3.7/site-packages/django/template/base.py", line 478, in parse
    raise self.error(token, e)
  File "/home/boorchin/virtualenv/M1/3.7/lib/python3.7/site-packages/django/template/base.py", line 476, in parse
    compiled_result = compile_func(self, token)
  File "/home/boorchin/virtualenv/M1/3.7/lib/python3.7/site-packages/django/template/loader_tags.py", line 209, in do_block
    nodelist = parser.parse(('endblock',))
  File "/home/boorchin/virtualenv/M1/3.7/lib/python3.7/site-packages/django/template/base.py", line 478, in parse
    raise self.error(token, e)
  File "/home/boorchin/virtualenv/M1/3.7/lib/python3.7/site-packages/django/template/base.py", line 476, in parse
    compiled_result = compile_func(self, token)
  File "/home/boorchin/virtualenv/M1/3.7/lib/python3.7/site-packages/django/template/defaulttags.py", line 811, in do_for
    nodelist_loop = parser.parse(('empty', 'endfor',))
  File "/home/boorchin/virtualenv/M1/3.7/lib/python3.7/site-packages/django/template/base.py", line 478, in parse
    raise self.error(token, e)
  File "/home/boorchin/virtualenv/M1/3.7/lib/python3.7/site-packages/django/template/base.py", line 476, in parse
    compiled_result = compile_func(self, token)
  File "/home/boorchin/virtualenv/M1/3.7/lib/python3.7/site-packages/django/template/defaulttags.py", line 951, in do_if
    condition = TemplateIfParser(parser, bits).parse()
  File "/home/boorchin/virtualenv/M1/3.7/lib/python3.7/site-packages/django/template/defaulttags.py", line 884, in __init__
    super().__init__(*args, **kwargs)
  File "/home/boorchin/virtualenv/M1/3.7/lib/python3.7/site-packages/django/template/smartif.py", line 166, in __init__
    mapped_tokens.append(self.translate_token(token))
  File "/home/boorchin/virtualenv/M1/3.7/lib/python3.7/site-packages/django/template/smartif.py", line 177, in translate_token
    return self.create_var(token)
  File "/home/boorchin/virtualenv/M1/3.7/lib/python3.7/site-packages/django/template/defaulttags.py", line 887, in create_var
    return TemplateLiteral(self.template_parser.compile_filter(value), value)
  File "/home/boorchin/virtualenv/M1/3.7/lib/python3.7/site-packages/django/template/base.py", line 563, in compile_filter
    return FilterExpression(token, self)
  File "/home/boorchin/virtualenv/M1/3.7/lib/python3.7/site-packages/django/template/base.py", line 657, in __init__
    filter_func = parser.find_filter(filter_name)
  File "/home/boorchin/virtualenv/M1/3.7/lib/python3.7/site-packages/django/template/base.py", line 569, in find_filter
    raise TemplateSyntaxError("Invalid filter: '%s'" % filter_name)
django.template.exceptions.TemplateSyntaxError: Invalid filter: 'is_past_due'
Internal Server Error: /
Traceback (most recent call last):
  File "/home/boorchin/virtualenv/M1/3.7/lib/python3.7/site-packages/django/template/smartif.py", line 175, in translate_token
    op = OPERATORS[token]
KeyError: 'new.createAt|is_past_due:new.createAt'

During handling of the above exception, another exception occurred:

Traceback (most recent call last):
  File "/home/boorchin/virtualenv/M1/3.7/lib/python3.7/site-packages/django/core/handlers/exception.py", line 34, in inner
    response = get_response(request)
  File "/home/boorchin/virtualenv/M1/3.7/lib/python3.7/site-packages/django/core/handlers/base.py", line 115, in _get_response
    response = self.process_exception_by_middleware(e, request)
  File "/home/boorchin/virtualenv/M1/3.7/lib/python3.7/site-packages/django/core/handlers/base.py", line 113, in _get_response
    response = wrapped_callback(request, *callback_args, **callback_kwargs)
  File "/home/boorchin/M1/bourseapp/views.py", line 47, in index
    'technicals': technicals,
  File "/home/boorchin/virtualenv/M1/3.7/lib/python3.7/site-packages/django/shortcuts.py", line 36, in render
    content = loader.render_to_string(template_name, context, request, using=using)
  File "/home/boorchin/virtualenv/M1/3.7/lib/python3.7/site-packages/django/template/loader.py", line 61, in render_to_string
    template = get_template(template_name, using=using)
  File "/home/boorchin/virtualenv/M1/3.7/lib/python3.7/site-packages/django/template/loader.py", line 15, in get_template
    return engine.get_template(template_name)
  File "/home/boorchin/virtualenv/M1/3.7/lib/python3.7/site-packages/django/template/backends/django.py", line 34, in get_template
    return Template(self.engine.get_template(template_name), self)
  File "/home/boorchin/virtualenv/M1/3.7/lib/python3.7/site-packages/django/template/engine.py", line 143, in get_template
    template, origin = self.find_template(template_name)
  File "/home/boorchin/virtualenv/M1/3.7/lib/python3.7/site-packages/django/template/engine.py", line 125, in find_template
    template = loader.get_template(name, skip=skip)
  File "/home/boorchin/virtualenv/M1/3.7/lib/python3.7/site-packages/django/template/loaders/base.py", line 30, in get_template
    contents, origin, origin.template_name, self.engine,
  File "/home/boorchin/virtualenv/M1/3.7/lib/python3.7/site-packages/django/template/base.py", line 156, in __init__
    self.nodelist = self.compile_nodelist()
  File "/home/boorchin/virtualenv/M1/3.7/lib/python3.7/site-packages/django/template/base.py", line 194, in compile_nodelist
    return parser.parse()
  File "/home/boorchin/virtualenv/M1/3.7/lib/python3.7/site-packages/django/template/base.py", line 478, in parse
    raise self.error(token, e)
  File "/home/boorchin/virtualenv/M1/3.7/lib/python3.7/site-packages/django/template/base.py", line 476, in parse
    compiled_result = compile_func(self, token)
  File "/home/boorchin/virtualenv/M1/3.7/lib/python3.7/site-packages/django/template/loader_tags.py", line 266, in do_extends
    nodelist = parser.parse()
  File "/home/boorchin/virtualenv/M1/3.7/lib/python3.7/site-packages/django/template/base.py", line 478, in parse
    raise self.error(token, e)
  File "/home/boorchin/virtualenv/M1/3.7/lib/python3.7/site-packages/django/template/base.py", line 476, in parse
    compiled_result = compile_func(self, token)
  File "/home/boorchin/virtualenv/M1/3.7/lib/python3.7/site-packages/django/template/loader_tags.py", line 209, in do_block
    nodelist = parser.parse(('endblock',))
  File "/home/boorchin/virtualenv/M1/3.7/lib/python3.7/site-packages/django/template/base.py", line 478, in parse
    raise self.error(token, e)
  File "/home/boorchin/virtualenv/M1/3.7/lib/python3.7/site-packages/django/template/base.py", line 476, in parse
    compiled_result = compile_func(self, token)
  File "/home/boorchin/virtualenv/M1/3.7/lib/python3.7/site-packages/django/template/defaulttags.py", line 811, in do_for
    nodelist_loop = parser.parse(('empty', 'endfor',))
  File "/home/boorchin/virtualenv/M1/3.7/lib/python3.7/site-packages/django/template/base.py", line 478, in parse
    raise self.error(token, e)
  File "/home/boorchin/virtualenv/M1/3.7/lib/python3.7/site-packages/django/template/base.py", line 476, in parse
    compiled_result = compile_func(self, token)
  File "/home/boorchin/virtualenv/M1/3.7/lib/python3.7/site-packages/django/template/defaulttags.py", line 951, in do_if
    condition = TemplateIfParser(parser, bits).parse()
  File "/home/boorchin/virtualenv/M1/3.7/lib/python3.7/site-packages/django/template/defaulttags.py", line 884, in __init__
    super().__init__(*args, **kwargs)
  File "/home/boorchin/virtualenv/M1/3.7/lib/python3.7/site-packages/django/template/smartif.py", line 166, in __init__
    mapped_tokens.append(self.translate_token(token))
  File "/home/boorchin/virtualenv/M1/3.7/lib/python3.7/site-packages/django/template/smartif.py", line 177, in translate_token
    return self.create_var(token)
  File "/home/boorchin/virtualenv/M1/3.7/lib/python3.7/site-packages/django/template/defaulttags.py", line 887, in create_var
    return TemplateLiteral(self.template_parser.compile_filter(value), value)
  File "/home/boorchin/virtualenv/M1/3.7/lib/python3.7/site-packages/django/template/base.py", line 563, in compile_filter
    return FilterExpression(token, self)
  File "/home/boorchin/virtualenv/M1/3.7/lib/python3.7/site-packages/django/template/base.py", line 657, in __init__
    filter_func = parser.find_filter(filter_name)
  File "/home/boorchin/virtualenv/M1/3.7/lib/python3.7/site-packages/django/template/base.py", line 569, in find_filter
    raise TemplateSyntaxError("Invalid filter: '%s'" % filter_name)
django.template.exceptions.TemplateSyntaxError: Invalid filter: 'is_past_due'
Not Found: /favicon.ico
Not Found: /static/bourseapp/js/symbol_list.js
Not Found: /static/bourseapp/js/bootstrap.min.js.map
Not Found: /static/bourseapp/css/bootstrap.min.css.map
Not Found: /favicon.ico
2019-12-25 18:21:10.810874 [1769121] Child process with pid: 1810256 was killed by signal: 15, core dump: 0
Not Found: /favicon.ico
2019-12-25 18:21:41.808967 [1769121] Child process with pid: 1841556 was killed by signal: 15, core dump: 0
2019-12-25 18:22:41.964531 [1769121] Child process with pid: 1810391 was killed by signal: 15, core dump: 0
Not Found: /favicon.ico
2019-12-25 19:36:03.065646 [1769121] Child process with pid: 1933174 was killed by signal: 15, core dump: 0
OSError: LSAPI: Socket read/write error
Invalid HTTP_HOST header: 'bitfin.ir'. You may need to add 'bitfin.ir' to ALLOWED_HOSTS.
Bad Request: /
Not Found: /favicon.ico
Not Found: /favicon.ico
Invalid HTTP_HOST header: 'bitfin.ir'. You may need to add 'bitfin.ir' to ALLOWED_HOSTS.
Bad Request: /
Invalid HTTP_HOST header: 'bitfin.ir'. You may need to add 'bitfin.ir' to ALLOWED_HOSTS.
Bad Request: /
Not Found: /favicon.ico
Not Found: /favicon.ico
Not Found: /favicon.ico
Not Found: /favicon.ico
Not Found: /robots.txt
Not Found: /favicon.ico
Not Found: /favicon.ico
Not Found: /favicon.ico
Not Found: /admi
Not Found: /favicon.ico
Not Found: /favicon.ico
Not Found: /favicon.ico
Invalid HTTP_HOST header: 'bitfin.ir'. You may need to add 'bitfin.ir' to ALLOWED_HOSTS.
Bad Request: /wp-login.php
2019-12-26 01:50:38.208508 [1769121] Child process with pid: 2398499 was killed by signal: 15, core dump: 0
2019-12-26 01:50:38.613805 [1769121] Child process with pid: 2398495 was killed by signal: 15, core dump: 0
Invalid HTTP_HOST header: 'mail.bitfin.ir'. You may need to add 'mail.bitfin.ir' to ALLOWED_HOSTS.
Bad Request: /
Invalid HTTP_HOST header: 'mail.mediabourse.ir'. You may need to add 'mail.mediabourse.ir' to ALLOWED_HOSTS.
Bad Request: /
Invalid HTTP_HOST header: 'bitfin.ir'. You may need to add 'bitfin.ir' to ALLOWED_HOSTS.
Bad Request: /
Invalid HTTP_HOST header: 'bitfin.ir'. You may need to add 'bitfin.ir' to ALLOWED_HOSTS.
Bad Request: /
Invalid HTTP_HOST header: 'bitfin.ir'. You may need to add 'bitfin.ir' to ALLOWED_HOSTS.
Bad Request: /backup/wp-login.php
Invalid HTTP_HOST header: 'bitfin.ir'. You may need to add 'bitfin.ir' to ALLOWED_HOSTS.
Bad Request: /wp-login.php
Invalid HTTP_HOST header: 'bitfin.ir'. You may need to add 'bitfin.ir' to ALLOWED_HOSTS.
Bad Request: /
Invalid HTTP_HOST header: 'bitfin.ir'. You may need to add 'bitfin.ir' to ALLOWED_HOSTS.
Bad Request: /
Invalid HTTP_HOST header: 'bitfin.ir'. You may need to add 'bitfin.ir' to ALLOWED_HOSTS.
Bad Request: /
Invalid HTTP_HOST header: 'bitfin.ir'. You may need to add 'bitfin.ir' to ALLOWED_HOSTS.
Bad Request: /favicon.ico
Invalid HTTP_HOST header: 'bitfin.ir'. You may need to add 'bitfin.ir' to ALLOWED_HOSTS.
Bad Request: /
Invalid HTTP_HOST header: 'bitfin.ir'. You may need to add 'bitfin.ir' to ALLOWED_HOSTS.
Bad Request: /
Invalid HTTP_HOST header: 'mail.bitfin.ir'. You may need to add 'mail.bitfin.ir' to ALLOWED_HOSTS.
Bad Request: /
Invalid HTTP_HOST header: 'mail.mediabourse.ir'. You may need to add 'mail.mediabourse.ir' to ALLOWED_HOSTS.
Bad Request: /
Not Found: /robots.txt
Forbidden (CSRF token missing or incorrect.): /signup/
Forbidden (CSRF token missing or incorrect.): /signup/
Invalid HTTP_HOST header: 'bitfin.ir'. You may need to add 'bitfin.ir' to ALLOWED_HOSTS.
Bad Request: /
Invalid HTTP_HOST header: 'bitfin.ir'. You may need to add 'bitfin.ir' to ALLOWED_HOSTS.
Bad Request: /
Invalid HTTP_HOST header: 'bitfin.ir'. You may need to add 'bitfin.ir' to ALLOWED_HOSTS.
Bad Request: /
Invalid HTTP_HOST header: 'bitfin.ir'. You may need to add 'bitfin.ir' to ALLOWED_HOSTS.
Bad Request: /
Invalid HTTP_HOST header: 'www.bitfin.ir'. You may need to add 'www.bitfin.ir' to ALLOWED_HOSTS.
Bad Request: /
Invalid HTTP_HOST header: 'www.bitfin.ir'. You may need to add 'www.bitfin.ir' to ALLOWED_HOSTS.
Bad Request: /
Invalid HTTP_HOST header: 'www.bitfin.ir'. You may need to add 'www.bitfin.ir' to ALLOWED_HOSTS.
Bad Request: /
Invalid HTTP_HOST header: 'www.bitfin.ir'. You may need to add 'www.bitfin.ir' to ALLOWED_HOSTS.
Bad Request: /
Invalid HTTP_HOST header: 'bitfin.ir'. You may need to add 'bitfin.ir' to ALLOWED_HOSTS.
Bad Request: /
Invalid HTTP_HOST header: 'bitfin.ir'. You may need to add 'bitfin.ir' to ALLOWED_HOSTS.
Bad Request: /
Invalid HTTP_HOST header: 'bitfin.ir'. You may need to add 'bitfin.ir' to ALLOWED_HOSTS.
Bad Request: /
Invalid HTTP_HOST header: 'bitfin.ir'. You may need to add 'bitfin.ir' to ALLOWED_HOSTS.
Bad Request: /
Invalid HTTP_HOST header: 'www.bitfin.ir'. You may need to add 'www.bitfin.ir' to ALLOWED_HOSTS.
Bad Request: /
Invalid HTTP_HOST header: 'www.bitfin.ir'. You may need to add 'www.bitfin.ir' to ALLOWED_HOSTS.
Bad Request: /
Invalid HTTP_HOST header: 'www.bitfin.ir'. You may need to add 'www.bitfin.ir' to ALLOWED_HOSTS.
Bad Request: /
Invalid HTTP_HOST header: 'www.bitfin.ir'. You may need to add 'www.bitfin.ir' to ALLOWED_HOSTS.
Bad Request: /
Invalid HTTP_HOST header: 'bitfin.ir'. You may need to add 'bitfin.ir' to ALLOWED_HOSTS.
Bad Request: /
Invalid HTTP_HOST header: 'www.bitfin.ir'. You may need to add 'www.bitfin.ir' to ALLOWED_HOSTS.
Bad Request: /
Invalid HTTP_HOST header: 'www.bitfin.ir'. You may need to add 'www.bitfin.ir' to ALLOWED_HOSTS.
Bad Request: /
Invalid HTTP_HOST header: 'bitfin.ir'. You may need to add 'bitfin.ir' to ALLOWED_HOSTS.
Bad Request: /
Not Found: /robots.txt
Not Found: /9/news-detail/@Eghtesad_Emroz
Not Found: /robots.txt
Not Found: /robots.txt
Invalid HTTP_HOST header: 'bitfin.ir'. You may need to add 'bitfin.ir' to ALLOWED_HOSTS.
Bad Request: /
Invalid HTTP_HOST header: 'bitfin.ir'. You may need to add 'bitfin.ir' to ALLOWED_HOSTS.
Bad Request: /
Invalid HTTP_HOST header: 'bitfin.ir'. You may need to add 'bitfin.ir' to ALLOWED_HOSTS.
Bad Request: /
Invalid HTTP_HOST header: 'bitfin.ir'. You may need to add 'bitfin.ir' to ALLOWED_HOSTS.
Bad Request: /
Invalid HTTP_HOST header: 'bitfin.ir'. You may need to add 'bitfin.ir' to ALLOWED_HOSTS.
Bad Request: /
Invalid HTTP_HOST header: 'bitfin.ir'. You may need to add 'bitfin.ir' to ALLOWED_HOSTS.
Bad Request: /
Invalid HTTP_HOST header: 'bitfin.ir'. You may need to add 'bitfin.ir' to ALLOWED_HOSTS.
Bad Request: /
Invalid HTTP_HOST header: 'bitfin.ir'. You may need to add 'bitfin.ir' to ALLOWED_HOSTS.
Bad Request: /
Invalid HTTP_HOST header: 'bitfin.ir'. You may need to add 'bitfin.ir' to ALLOWED_HOSTS.
Bad Request: /
Invalid HTTP_HOST header: 'bitfin.ir'. You may need to add 'bitfin.ir' to ALLOWED_HOSTS.
Bad Request: /
Invalid HTTP_HOST header: 'bitfin.ir'. You may need to add 'bitfin.ir' to ALLOWED_HOSTS.
Bad Request: /
Invalid HTTP_HOST header: 'bitfin.ir'. You may need to add 'bitfin.ir' to ALLOWED_HOSTS.
Bad Request: /
Invalid HTTP_HOST header: 'bitfin.ir'. You may need to add 'bitfin.ir' to ALLOWED_HOSTS.
Bad Request: /
Invalid HTTP_HOST header: 'bitfin.ir'. You may need to add 'bitfin.ir' to ALLOWED_HOSTS.
Bad Request: /
Invalid HTTP_HOST header: 'bitfin.ir'. You may need to add 'bitfin.ir' to ALLOWED_HOSTS.
Bad Request: /
Invalid HTTP_HOST header: 'bitfin.ir'. You may need to add 'bitfin.ir' to ALLOWED_HOSTS.
Bad Request: /
Invalid HTTP_HOST header: 'bitfin.ir'. You may need to add 'bitfin.ir' to ALLOWED_HOSTS.
Bad Request: /
Invalid HTTP_HOST header: 'bitfin.ir'. You may need to add 'bitfin.ir' to ALLOWED_HOSTS.
Bad Request: /
Invalid HTTP_HOST header: 'bitfin.ir'. You may need to add 'bitfin.ir' to ALLOWED_HOSTS.
Bad Request: /
Invalid HTTP_HOST header: 'bitfin.ir'. You may need to add 'bitfin.ir' to ALLOWED_HOSTS.
Bad Request: /
Invalid HTTP_HOST header: 'bitfin.ir'. You may need to add 'bitfin.ir' to ALLOWED_HOSTS.
Bad Request: /
Not Found: /favicon.ico
Not Found: /robots.txt
Not Found: /favicon.ico
Invalid HTTP_HOST header: 'bitfin.ir'. You may need to add 'bitfin.ir' to ALLOWED_HOSTS.
Bad Request: /
Invalid HTTP_HOST header: 'bitfin.ir'. You may need to add 'bitfin.ir' to ALLOWED_HOSTS.
Bad Request: /
Invalid HTTP_HOST header: 'bitfin.ir'. You may need to add 'bitfin.ir' to ALLOWED_HOSTS.
Bad Request: /
Invalid HTTP_HOST header: 'bitfin.ir'. You may need to add 'bitfin.ir' to ALLOWED_HOSTS.
Bad Request: /
Invalid HTTP_HOST header: 'bitfin.ir'. You may need to add 'bitfin.ir' to ALLOWED_HOSTS.
Bad Request: /
Invalid HTTP_HOST header: 'bitfin.ir'. You may need to add 'bitfin.ir' to ALLOWED_HOSTS.
Bad Request: /
Invalid HTTP_HOST header: 'bitfin.ir'. You may need to add 'bitfin.ir' to ALLOWED_HOSTS.
Bad Request: /
Invalid HTTP_HOST header: 'bitfin.ir'. You may need to add 'bitfin.ir' to ALLOWED_HOSTS.
Bad Request: /
Invalid HTTP_HOST header: 'bitfin.ir'. You may need to add 'bitfin.ir' to ALLOWED_HOSTS.
Bad Request: /
Invalid HTTP_HOST header: 'bitfin.ir'. You may need to add 'bitfin.ir' to ALLOWED_HOSTS.
Bad Request: /
Invalid HTTP_HOST header: 'bitfin.ir'. You may need to add 'bitfin.ir' to ALLOWED_HOSTS.
Bad Request: /
Invalid HTTP_HOST header: 'bitfin.ir'. You may need to add 'bitfin.ir' to ALLOWED_HOSTS.
Bad Request: /
Invalid HTTP_HOST header: 'bitfin.ir'. You may need to add 'bitfin.ir' to ALLOWED_HOSTS.
Bad Request: /
Invalid HTTP_HOST header: 'bitfin.ir'. You may need to add 'bitfin.ir' to ALLOWED_HOSTS.
Bad Request: /
Invalid HTTP_HOST header: 'bitfin.ir'. You may need to add 'bitfin.ir' to ALLOWED_HOSTS.
Bad Request: /
Invalid HTTP_HOST header: 'bitfin.ir'. You may need to add 'bitfin.ir' to ALLOWED_HOSTS.
Bad Request: /
Invalid HTTP_HOST header: 'bitfin.ir'. You may need to add 'bitfin.ir' to ALLOWED_HOSTS.
Bad Request: /
Invalid HTTP_HOST header: 'bitfin.ir'. You may need to add 'bitfin.ir' to ALLOWED_HOSTS.
Bad Request: /
Invalid HTTP_HOST header: 'bitfin.ir'. You may need to add 'bitfin.ir' to ALLOWED_HOSTS.
Bad Request: /
Invalid HTTP_HOST header: 'bitfin.ir'. You may need to add 'bitfin.ir' to ALLOWED_HOSTS.
Bad Request: /
Invalid HTTP_HOST header: 'bitfin.ir'. You may need to add 'bitfin.ir' to ALLOWED_HOSTS.
Bad Request: /
Invalid HTTP_HOST header: 'bitfin.ir'. You may need to add 'bitfin.ir' to ALLOWED_HOSTS.
Bad Request: /
Invalid HTTP_HOST header: 'bitfin.ir'. You may need to add 'bitfin.ir' to ALLOWED_HOSTS.
Bad Request: /
Invalid HTTP_HOST header: 'bitfin.ir'. You may need to add 'bitfin.ir' to ALLOWED_HOSTS.
Bad Request: /
Invalid HTTP_HOST header: 'bitfin.ir'. You may need to add 'bitfin.ir' to ALLOWED_HOSTS.
Bad Request: /
Invalid HTTP_HOST header: 'bitfin.ir'. You may need to add 'bitfin.ir' to ALLOWED_HOSTS.
Bad Request: /
Invalid HTTP_HOST header: 'bitfin.ir'. You may need to add 'bitfin.ir' to ALLOWED_HOSTS.
Bad Request: /
Invalid HTTP_HOST header: 'bitfin.ir'. You may need to add 'bitfin.ir' to ALLOWED_HOSTS.
Bad Request: /
Invalid HTTP_HOST header: 'bitfin.ir'. You may need to add 'bitfin.ir' to ALLOWED_HOSTS.
Bad Request: /
Invalid HTTP_HOST header: 'bitfin.ir'. You may need to add 'bitfin.ir' to ALLOWED_HOSTS.
Bad Request: /
Invalid HTTP_HOST header: 'bitfin.ir'. You may need to add 'bitfin.ir' to ALLOWED_HOSTS.
Bad Request: /
Invalid HTTP_HOST header: 'bitfin.ir'. You may need to add 'bitfin.ir' to ALLOWED_HOSTS.
Bad Request: /
Invalid HTTP_HOST header: 'bitfin.ir'. You may need to add 'bitfin.ir' to ALLOWED_HOSTS.
Bad Request: /
Invalid HTTP_HOST header: 'bitfin.ir'. You may need to add 'bitfin.ir' to ALLOWED_HOSTS.
Bad Request: /
Invalid HTTP_HOST header: 'bitfin.ir'. You may need to add 'bitfin.ir' to ALLOWED_HOSTS.
Bad Request: /
Invalid HTTP_HOST header: 'bitfin.ir'. You may need to add 'bitfin.ir' to ALLOWED_HOSTS.
Bad Request: /
Invalid HTTP_HOST header: 'bitfin.ir'. You may need to add 'bitfin.ir' to ALLOWED_HOSTS.
Bad Request: /
Invalid HTTP_HOST header: 'bitfin.ir'. You may need to add 'bitfin.ir' to ALLOWED_HOSTS.
Bad Request: /
Invalid HTTP_HOST header: 'bitfin.ir'. You may need to add 'bitfin.ir' to ALLOWED_HOSTS.
Bad Request: /
Invalid HTTP_HOST header: 'bitfin.ir'. You may need to add 'bitfin.ir' to ALLOWED_HOSTS.
Bad Request: /
Invalid HTTP_HOST header: 'bitfin.ir'. You may need to add 'bitfin.ir' to ALLOWED_HOSTS.
Bad Request: /
Invalid HTTP_HOST header: 'bitfin.ir'. You may need to add 'bitfin.ir' to ALLOWED_HOSTS.
Bad Request: /
Invalid HTTP_HOST header: 'bitfin.ir'. You may need to add 'bitfin.ir' to ALLOWED_HOSTS.
Bad Request: /
Invalid HTTP_HOST header: 'bitfin.ir'. You may need to add 'bitfin.ir' to ALLOWED_HOSTS.
Bad Request: /
Invalid HTTP_HOST header: 'bitfin.ir'. You may need to add 'bitfin.ir' to ALLOWED_HOSTS.
Bad Request: /
Invalid HTTP_HOST header: 'bitfin.ir'. You may need to add 'bitfin.ir' to ALLOWED_HOSTS.
Bad Request: /
Invalid HTTP_HOST header: 'bitfin.ir'. You may need to add 'bitfin.ir' to ALLOWED_HOSTS.
Bad Request: /
Invalid HTTP_HOST header: 'bitfin.ir'. You may need to add 'bitfin.ir' to ALLOWED_HOSTS.
Bad Request: /robots.txt
Invalid HTTP_HOST header: 'bitfin.ir'. You may need to add 'bitfin.ir' to ALLOWED_HOSTS.
Bad Request: /
Invalid HTTP_HOST header: 'bitfin.ir'. You may need to add 'bitfin.ir' to ALLOWED_HOSTS.
Bad Request: /robots.txt
Invalid HTTP_HOST header: 'bitfin.ir'. You may need to add 'bitfin.ir' to ALLOWED_HOSTS.
Bad Request: /
Invalid HTTP_HOST header: 'bitfin.ir'. You may need to add 'bitfin.ir' to ALLOWED_HOSTS.
Bad Request: /
Invalid HTTP_HOST header: 'bitfin.ir'. You may need to add 'bitfin.ir' to ALLOWED_HOSTS.
Bad Request: /
Invalid HTTP_HOST header: 'bitfin.ir'. You may need to add 'bitfin.ir' to ALLOWED_HOSTS.
Bad Request: /
Invalid HTTP_HOST header: 'bitfin.ir'. You may need to add 'bitfin.ir' to ALLOWED_HOSTS.
Bad Request: /
Invalid HTTP_HOST header: 'bitfin.ir'. You may need to add 'bitfin.ir' to ALLOWED_HOSTS.
Bad Request: /
Invalid HTTP_HOST header: 'bitfin.ir'. You may need to add 'bitfin.ir' to ALLOWED_HOSTS.
Bad Request: /
Invalid HTTP_HOST header: 'bitfin.ir'. You may need to add 'bitfin.ir' to ALLOWED_HOSTS.
Bad Request: /
Invalid HTTP_HOST header: 'bitfin.ir'. You may need to add 'bitfin.ir' to ALLOWED_HOSTS.
Bad Request: /
Invalid HTTP_HOST header: 'bitfin.ir'. You may need to add 'bitfin.ir' to ALLOWED_HOSTS.
Bad Request: /
Invalid HTTP_HOST header: 'bitfin.ir'. You may need to add 'bitfin.ir' to ALLOWED_HOSTS.
Bad Request: /
Invalid HTTP_HOST header: 'bitfin.ir'. You may need to add 'bitfin.ir' to ALLOWED_HOSTS.
Bad Request: /
Invalid HTTP_HOST header: 'bitfin.ir'. You may need to add 'bitfin.ir' to ALLOWED_HOSTS.
Bad Request: /
Invalid HTTP_HOST header: 'bitfin.ir'. You may need to add 'bitfin.ir' to ALLOWED_HOSTS.
Bad Request: /
Invalid HTTP_HOST header: 'bitfin.ir'. You may need to add 'bitfin.ir' to ALLOWED_HOSTS.
Bad Request: /
Invalid HTTP_HOST header: 'bitfin.ir'. You may need to add 'bitfin.ir' to ALLOWED_HOSTS.
Bad Request: /
Invalid HTTP_HOST header: 'bitfin.ir'. You may need to add 'bitfin.ir' to ALLOWED_HOSTS.
Bad Request: /
Invalid HTTP_HOST header: 'bitfin.ir'. You may need to add 'bitfin.ir' to ALLOWED_HOSTS.
Bad Request: /
Invalid HTTP_HOST header: 'bitfin.ir'. You may need to add 'bitfin.ir' to ALLOWED_HOSTS.
Bad Request: /
Invalid HTTP_HOST header: 'bitfin.ir'. You may need to add 'bitfin.ir' to ALLOWED_HOSTS.
Bad Request: /
Invalid HTTP_HOST header: 'bitfin.ir'. You may need to add 'bitfin.ir' to ALLOWED_HOSTS.
Bad Request: /
Invalid HTTP_HOST header: 'bitfin.ir'. You may need to add 'bitfin.ir' to ALLOWED_HOSTS.
Bad Request: /
Invalid HTTP_HOST header: 'bitfin.ir'. You may need to add 'bitfin.ir' to ALLOWED_HOSTS.
Bad Request: /
Invalid HTTP_HOST header: 'bitfin.ir'. You may need to add 'bitfin.ir' to ALLOWED_HOSTS.
Bad Request: /
Invalid HTTP_HOST header: 'bitfin.ir'. You may need to add 'bitfin.ir' to ALLOWED_HOSTS.
Bad Request: /
Invalid HTTP_HOST header: 'bitfin.ir'. You may need to add 'bitfin.ir' to ALLOWED_HOSTS.
Bad Request: /
Invalid HTTP_HOST header: 'bitfin.ir'. You may need to add 'bitfin.ir' to ALLOWED_HOSTS.
Bad Request: /
Invalid HTTP_HOST header: 'bitfin.ir'. You may need to add 'bitfin.ir' to ALLOWED_HOSTS.
Bad Request: /
Invalid HTTP_HOST header: 'bitfin.ir'. You may need to add 'bitfin.ir' to ALLOWED_HOSTS.
Bad Request: /
Invalid HTTP_HOST header: 'bitfin.ir'. You may need to add 'bitfin.ir' to ALLOWED_HOSTS.
Bad Request: /
Invalid HTTP_HOST header: 'bitfin.ir'. You may need to add 'bitfin.ir' to ALLOWED_HOSTS.
Bad Request: /
Invalid HTTP_HOST header: 'bitfin.ir'. You may need to add 'bitfin.ir' to ALLOWED_HOSTS.
Bad Request: /
Invalid HTTP_HOST header: 'bitfin.ir'. You may need to add 'bitfin.ir' to ALLOWED_HOSTS.
Bad Request: /
Invalid HTTP_HOST header: 'bitfin.ir'. You may need to add 'bitfin.ir' to ALLOWED_HOSTS.
Bad Request: /
Invalid HTTP_HOST header: 'bitfin.ir'. You may need to add 'bitfin.ir' to ALLOWED_HOSTS.
Bad Request: /
Invalid HTTP_HOST header: 'bitfin.ir'. You may need to add 'bitfin.ir' to ALLOWED_HOSTS.
Bad Request: /
Invalid HTTP_HOST header: 'bitfin.ir'. You may need to add 'bitfin.ir' to ALLOWED_HOSTS.
Bad Request: /
Invalid HTTP_HOST header: 'bitfin.ir'. You may need to add 'bitfin.ir' to ALLOWED_HOSTS.
Bad Request: /
Invalid HTTP_HOST header: 'bitfin.ir'. You may need to add 'bitfin.ir' to ALLOWED_HOSTS.
Bad Request: /
Invalid HTTP_HOST header: 'bitfin.ir'. You may need to add 'bitfin.ir' to ALLOWED_HOSTS.
Bad Request: /
Invalid HTTP_HOST header: 'bitfin.ir'. You may need to add 'bitfin.ir' to ALLOWED_HOSTS.
Bad Request: /
Invalid HTTP_HOST header: 'bitfin.ir'. You may need to add 'bitfin.ir' to ALLOWED_HOSTS.
Bad Request: /
Invalid HTTP_HOST header: 'bitfin.ir'. You may need to add 'bitfin.ir' to ALLOWED_HOSTS.
Bad Request: /
Invalid HTTP_HOST header: 'bitfin.ir'. You may need to add 'bitfin.ir' to ALLOWED_HOSTS.
Bad Request: /
Invalid HTTP_HOST header: 'bitfin.ir'. You may need to add 'bitfin.ir' to ALLOWED_HOSTS.
Bad Request: /
Invalid HTTP_HOST header: 'bitfin.ir'. You may need to add 'bitfin.ir' to ALLOWED_HOSTS.
Bad Request: /
Invalid HTTP_HOST header: 'bitfin.ir'. You may need to add 'bitfin.ir' to ALLOWED_HOSTS.
Bad Request: /
Invalid HTTP_HOST header: 'bitfin.ir'. You may need to add 'bitfin.ir' to ALLOWED_HOSTS.
Bad Request: /
Invalid HTTP_HOST header: 'bitfin.ir'. You may need to add 'bitfin.ir' to ALLOWED_HOSTS.
Bad Request: /
Invalid HTTP_HOST header: 'bitfin.ir'. You may need to add 'bitfin.ir' to ALLOWED_HOSTS.
Bad Request: /
Not Found: /robots.txt
2019-12-27 21:01:57.499200 [809571] Child process with pid: 3861552 was killed by signal: 15, core dump: 0
Not Found: /robots.txt
Invalid HTTP_HOST header: 'bitfin.ir'. You may need to add 'bitfin.ir' to ALLOWED_HOSTS.
Bad Request: /
Invalid HTTP_HOST header: 'bitfin.ir'. You may need to add 'bitfin.ir' to ALLOWED_HOSTS.
Bad Request: /
Invalid HTTP_HOST header: 'bitfin.ir'. You may need to add 'bitfin.ir' to ALLOWED_HOSTS.
Bad Request: /
Internal Server Error: /
Traceback (most recent call last):
  File "/home/boorchin/virtualenv/M1/3.7/lib/python3.7/site-packages/django/core/handlers/exception.py", line 34, in inner
    response = get_response(request)
  File "/home/boorchin/virtualenv/M1/3.7/lib/python3.7/site-packages/django/core/handlers/base.py", line 115, in _get_response
    response = self.process_exception_by_middleware(e, request)
  File "/home/boorchin/virtualenv/M1/3.7/lib/python3.7/site-packages/django/core/handlers/base.py", line 113, in _get_response
    response = wrapped_callback(request, *callback_args, **callback_kwargs)
  File "/home/boorchin/M1/bourseapp/views.py", line 48, in index
    'fundamentals': fundamentals,
  File "/home/boorchin/virtualenv/M1/3.7/lib/python3.7/site-packages/django/shortcuts.py", line 36, in render
    content = loader.render_to_string(template_name, context, request, using=using)
  File "/home/boorchin/virtualenv/M1/3.7/lib/python3.7/site-packages/django/template/loader.py", line 62, in render_to_string
    return template.render(context, request)
  File "/home/boorchin/virtualenv/M1/3.7/lib/python3.7/site-packages/django/template/backends/django.py", line 61, in render
    return self.template.render(context)
  File "/home/boorchin/virtualenv/M1/3.7/lib/python3.7/site-packages/django/template/base.py", line 171, in render
    return self._render(context)
  File "/home/boorchin/virtualenv/M1/3.7/lib/python3.7/site-packages/django/template/base.py", line 163, in _render
    return self.nodelist.render(context)
  File "/home/boorchin/virtualenv/M1/3.7/lib/python3.7/site-packages/django/template/base.py", line 937, in render
    bit = node.render_annotated(context)
  File "/home/boorchin/virtualenv/M1/3.7/lib/python3.7/site-packages/django/template/base.py", line 904, in render_annotated
    return self.render(context)
  File "/home/boorchin/virtualenv/M1/3.7/lib/python3.7/site-packages/django/template/loader_tags.py", line 150, in render
    return compiled_parent._render(context)
  File "/home/boorchin/virtualenv/M1/3.7/lib/python3.7/site-packages/django/template/base.py", line 163, in _render
    return self.nodelist.render(context)
  File "/home/boorchin/virtualenv/M1/3.7/lib/python3.7/site-packages/django/template/base.py", line 937, in render
    bit = node.render_annotated(context)
  File "/home/boorchin/virtualenv/M1/3.7/lib/python3.7/site-packages/django/template/base.py", line 904, in render_annotated
    return self.render(context)
  File "/home/boorchin/virtualenv/M1/3.7/lib/python3.7/site-packages/django/template/defaulttags.py", line 309, in render
    return nodelist.render(context)
  File "/home/boorchin/virtualenv/M1/3.7/lib/python3.7/site-packages/django/template/base.py", line 937, in render
    bit = node.render_annotated(context)
  File "/home/boorchin/virtualenv/M1/3.7/lib/python3.7/site-packages/django/template/base.py", line 904, in render_annotated
    return self.render(context)
  File "/home/boorchin/virtualenv/M1/3.7/lib/python3.7/site-packages/django/template/defaulttags.py", line 443, in render
    url = reverse(view_name, args=args, kwargs=kwargs, current_app=current_app)
  File "/home/boorchin/virtualenv/M1/3.7/lib/python3.7/site-packages/django/urls/base.py", line 90, in reverse
    return iri_to_uri(resolver._reverse_with_prefix(view, prefix, *args, **kwargs))
  File "/home/boorchin/virtualenv/M1/3.7/lib/python3.7/site-packages/django/urls/resolvers.py", line 673, in _reverse_with_prefix
    raise NoReverseMatch(msg)
django.urls.exceptions.NoReverseMatch: Reverse for 'tutorial-list' not found. 'tutorial-list' is not a valid view function or pattern name.
Not Found: /favicon.ico
Not Found: /robots.txt
Internal Server Error: /
Traceback (most recent call last):
  File "/home/boorchin/virtualenv/M1/3.7/lib/python3.7/site-packages/django/core/handlers/exception.py", line 34, in inner
    response = get_response(request)
  File "/home/boorchin/virtualenv/M1/3.7/lib/python3.7/site-packages/django/core/handlers/base.py", line 115, in _get_response
    response = self.process_exception_by_middleware(e, request)
  File "/home/boorchin/virtualenv/M1/3.7/lib/python3.7/site-packages/django/core/handlers/base.py", line 113, in _get_response
    response = wrapped_callback(request, *callback_args, **callback_kwargs)
  File "/home/boorchin/M1/bourseapp/views.py", line 48, in index
    'fundamentals': fundamentals,
  File "/home/boorchin/virtualenv/M1/3.7/lib/python3.7/site-packages/django/shortcuts.py", line 36, in render
    content = loader.render_to_string(template_name, context, request, using=using)
  File "/home/boorchin/virtualenv/M1/3.7/lib/python3.7/site-packages/django/template/loader.py", line 62, in render_to_string
    return template.render(context, request)
  File "/home/boorchin/virtualenv/M1/3.7/lib/python3.7/site-packages/django/template/backends/django.py", line 61, in render
    return self.template.render(context)
  File "/home/boorchin/virtualenv/M1/3.7/lib/python3.7/site-packages/django/template/base.py", line 171, in render
    return self._render(context)
  File "/home/boorchin/virtualenv/M1/3.7/lib/python3.7/site-packages/django/template/base.py", line 163, in _render
    return self.nodelist.render(context)
  File "/home/boorchin/virtualenv/M1/3.7/lib/python3.7/site-packages/django/template/base.py", line 937, in render
    bit = node.render_annotated(context)
  File "/home/boorchin/virtualenv/M1/3.7/lib/python3.7/site-packages/django/template/base.py", line 904, in render_annotated
    return self.render(context)
  File "/home/boorchin/virtualenv/M1/3.7/lib/python3.7/site-packages/django/template/loader_tags.py", line 150, in render
    return compiled_parent._render(context)
  File "/home/boorchin/virtualenv/M1/3.7/lib/python3.7/site-packages/django/template/base.py", line 163, in _render
    return self.nodelist.render(context)
  File "/home/boorchin/virtualenv/M1/3.7/lib/python3.7/site-packages/django/template/base.py", line 937, in render
    bit = node.render_annotated(context)
  File "/home/boorchin/virtualenv/M1/3.7/lib/python3.7/site-packages/django/template/base.py", line 904, in render_annotated
    return self.render(context)
  File "/home/boorchin/virtualenv/M1/3.7/lib/python3.7/site-packages/django/template/defaulttags.py", line 309, in render
    return nodelist.render(context)
  File "/home/boorchin/virtualenv/M1/3.7/lib/python3.7/site-packages/django/template/base.py", line 937, in render
    bit = node.render_annotated(context)
  File "/home/boorchin/virtualenv/M1/3.7/lib/python3.7/site-packages/django/template/base.py", line 904, in render_annotated
    return self.render(context)
  File "/home/boorchin/virtualenv/M1/3.7/lib/python3.7/site-packages/django/template/defaulttags.py", line 443, in render
    url = reverse(view_name, args=args, kwargs=kwargs, current_app=current_app)
  File "/home/boorchin/virtualenv/M1/3.7/lib/python3.7/site-packages/django/urls/base.py", line 90, in reverse
    return iri_to_uri(resolver._reverse_with_prefix(view, prefix, *args, **kwargs))
  File "/home/boorchin/virtualenv/M1/3.7/lib/python3.7/site-packages/django/urls/resolvers.py", line 673, in _reverse_with_prefix
    raise NoReverseMatch(msg)
django.urls.exceptions.NoReverseMatch: Reverse for 'tutorial-list' not found. 'tutorial-list' is not a valid view function or pattern name.
Not Found: /favicon.ico
Invalid HTTP_HOST header: 'bitfin.ir'. You may need to add 'bitfin.ir' to ALLOWED_HOSTS.
Bad Request: /
Not Found: /favicon.ico
Invalid HTTP_HOST header: 'mail.mediabourse.ir'. You may need to add 'mail.mediabourse.ir' to ALLOWED_HOSTS.
Bad Request: /
Invalid HTTP_HOST header: 'mail.mediabourse.ir'. You may need to add 'mail.mediabourse.ir' to ALLOWED_HOSTS.
Bad Request: /
Invalid HTTP_HOST header: 'bitfin.ir'. You may need to add 'bitfin.ir' to ALLOWED_HOSTS.
Bad Request: /
Invalid HTTP_HOST header: 'bitfin.ir'. You may need to add 'bitfin.ir' to ALLOWED_HOSTS.
Bad Request: /
Invalid HTTP_HOST header: 'www.bitfin.ir'. You may need to add 'www.bitfin.ir' to ALLOWED_HOSTS.
Bad Request: /
Invalid HTTP_HOST header: 'www.bitfin.ir'. You may need to add 'www.bitfin.ir' to ALLOWED_HOSTS.
Bad Request: /
Invalid HTTP_HOST header: 'mail.bitfin.ir'. You may need to add 'mail.bitfin.ir' to ALLOWED_HOSTS.
Bad Request: /
Invalid HTTP_HOST header: 'mail.bitfin.ir'. You may need to add 'mail.bitfin.ir' to ALLOWED_HOSTS.
Bad Request: /
Invalid HTTP_HOST header: 'bitfin.ir'. You may need to add 'bitfin.ir' to ALLOWED_HOSTS.
Bad Request: /
Invalid HTTP_HOST header: 'bitfin.ir'. You may need to add 'bitfin.ir' to ALLOWED_HOSTS.
Bad Request: /
2019-12-28 07:32:41.867715 [3982785] Child process with pid: 746276 was killed by signal: 15, core dump: 0
Not Found: /favicon.ico
Not Found: /favicon.ico
Not Found: /favicon.ico
Invalid HTTP_HOST header: 'bitfin.ir'. You may need to add 'bitfin.ir' to ALLOWED_HOSTS.
Bad Request: /
Invalid HTTP_HOST header: 'bitfin.ir'. You may need to add 'bitfin.ir' to ALLOWED_HOSTS.
Bad Request: /
Invalid HTTP_HOST header: 'mail.mediabourse.ir'. You may need to add 'mail.mediabourse.ir' to ALLOWED_HOSTS.
Bad Request: /
Invalid HTTP_HOST header: 'mail.mediabourse.ir'. You may need to add 'mail.mediabourse.ir' to ALLOWED_HOSTS.
Bad Request: /
Invalid HTTP_HOST header: 'mail.mediabourse.ir'. You may need to add 'mail.mediabourse.ir' to ALLOWED_HOSTS.
Bad Request: /
Invalid HTTP_HOST header: 'mail.mediabourse.ir'. You may need to add 'mail.mediabourse.ir' to ALLOWED_HOSTS.
Bad Request: /
Not Found: /favicon.ico
Not Found: /static/bourseapp/font/roboto/Roboto-Regular.woff2
Not Found: /static/bourseapp/font/roboto/Roboto-Regular.woff
Not Found: /static/bourseapp/font/roboto/Roboto-Regular.ttf
Not Found: /static/bourseapp/font/roboto/Roboto-Regular.woff2
Not Found: /static/bourseapp/font/roboto/Roboto-Regular.woff
Not Found: /static/bourseapp/font/roboto/Roboto-Regular.ttf
Invalid HTTP_HOST header: 'mail.mediabourse.ir'. You may need to add 'mail.mediabourse.ir' to ALLOWED_HOSTS.
Bad Request: /
Not Found: /favicon.ico
Not Found: /static/bourseapp/font/roboto/Roboto-Regular.woff2
Not Found: /static/bourseapp/font/roboto/Roboto-Regular.woff
Not Found: /static/bourseapp/font/roboto/Roboto-Regular.ttf
Not Found: /favicon.ico
Not Found: /static/bourseapp/js/bootstrap.min.js.map
Not Found: /static/bourseapp/css/bootstrap.min.css.map
Not Found: /favicon.ico
Not Found: /favicon.ico
Not Found: /favicon.ico
Not Found: /favicon.ico
Not Found: /favicon.ico
Not Found: /favicon.ico
2019-12-28 17:20:55.277612 [1323086] Child process with pid: 2079721 was killed by signal: 15, core dump: 0
Not Found: /favicon.ico
2019-12-28 17:22:41.763418 [2082256] Child process with pid: 2084830 was killed by signal: 15, core dump: 0
Not Found: /favicon.ico
Not Found: /robots.txt
Not Found: /media/ffa1e154-310e-426a-adaa-4f494005cc3e.jpg target=
Not Found: /robots.txt
Internal Server Error: /268/company-detail/
Traceback (most recent call last):
  File "/home/boorchin/virtualenv/M1/3.7/lib/python3.7/site-packages/django/template/base.py", line 829, in _resolve_lookup
    current = current[bit]
TypeError: 'ImageFieldFile' object is not subscriptable

During handling of the above exception, another exception occurred:

Traceback (most recent call last):
  File "/home/boorchin/virtualenv/M1/3.7/lib/python3.7/site-packages/django/core/handlers/exception.py", line 34, in inner
    response = get_response(request)
  File "/home/boorchin/virtualenv/M1/3.7/lib/python3.7/site-packages/django/core/handlers/base.py", line 115, in _get_response
    response = self.process_exception_by_middleware(e, request)
  File "/home/boorchin/virtualenv/M1/3.7/lib/python3.7/site-packages/django/core/handlers/base.py", line 113, in _get_response
    response = wrapped_callback(request, *callback_args, **callback_kwargs)
  File "/home/boorchin/virtualenv/M1/3.7/lib/python3.7/site-packages/django/contrib/auth/decorators.py", line 21, in _wrapped_view
    return view_func(request, *args, **kwargs)
  File "/home/boorchin/M1/bourseapp/views.py", line 287, in company_detail
    'fundamentals': fundamental,
  File "/home/boorchin/virtualenv/M1/3.7/lib/python3.7/site-packages/django/shortcuts.py", line 36, in render
    content = loader.render_to_string(template_name, context, request, using=using)
  File "/home/boorchin/virtualenv/M1/3.7/lib/python3.7/site-packages/django/template/loader.py", line 62, in render_to_string
    return template.render(context, request)
  File "/home/boorchin/virtualenv/M1/3.7/lib/python3.7/site-packages/django/template/backends/django.py", line 61, in render
    return self.template.render(context)
  File "/home/boorchin/virtualenv/M1/3.7/lib/python3.7/site-packages/django/template/base.py", line 171, in render
    return self._render(context)
  File "/home/boorchin/virtualenv/M1/3.7/lib/python3.7/site-packages/django/template/base.py", line 163, in _render
    return self.nodelist.render(context)
  File "/home/boorchin/virtualenv/M1/3.7/lib/python3.7/site-packages/django/template/base.py", line 937, in render
    bit = node.render_annotated(context)
  File "/home/boorchin/virtualenv/M1/3.7/lib/python3.7/site-packages/django/template/base.py", line 904, in render_annotated
    return self.render(context)
  File "/home/boorchin/virtualenv/M1/3.7/lib/python3.7/site-packages/django/template/loader_tags.py", line 150, in render
    return compiled_parent._render(context)
  File "/home/boorchin/virtualenv/M1/3.7/lib/python3.7/site-packages/django/template/base.py", line 163, in _render
    return self.nodelist.render(context)
  File "/home/boorchin/virtualenv/M1/3.7/lib/python3.7/site-packages/django/template/base.py", line 937, in render
    bit = node.render_annotated(context)
  File "/home/boorchin/virtualenv/M1/3.7/lib/python3.7/site-packages/django/template/base.py", line 904, in render_annotated
    return self.render(context)
  File "/home/boorchin/virtualenv/M1/3.7/lib/python3.7/site-packages/django/template/loader_tags.py", line 62, in render
    result = block.nodelist.render(context)
  File "/home/boorchin/virtualenv/M1/3.7/lib/python3.7/site-packages/django/template/base.py", line 937, in render
    bit = node.render_annotated(context)
  File "/home/boorchin/virtualenv/M1/3.7/lib/python3.7/site-packages/django/template/base.py", line 904, in render_annotated
    return self.render(context)
  File "/home/boorchin/virtualenv/M1/3.7/lib/python3.7/site-packages/django/template/base.py", line 987, in render
    output = self.filter_expression.resolve(context)
  File "/home/boorchin/virtualenv/M1/3.7/lib/python3.7/site-packages/django/template/base.py", line 671, in resolve
    obj = self.var.resolve(context)
  File "/home/boorchin/virtualenv/M1/3.7/lib/python3.7/site-packages/django/template/base.py", line 796, in resolve
    value = self._resolve_lookup(context)
  File "/home/boorchin/virtualenv/M1/3.7/lib/python3.7/site-packages/django/template/base.py", line 837, in _resolve_lookup
    current = getattr(current, bit)
  File "/home/boorchin/virtualenv/M1/3.7/lib/python3.7/site-packages/django/db/models/fields/files.py", line 61, in url
    self._require_file()
  File "/home/boorchin/virtualenv/M1/3.7/lib/python3.7/site-packages/django/db/models/fields/files.py", line 38, in _require_file
    raise ValueError("The '%s' attribute has no file associated with it." % self.field.name)
ValueError: The 'pic' attribute has no file associated with it.
Internal Server Error: /523/company-detail/
Traceback (most recent call last):
  File "/home/boorchin/virtualenv/M1/3.7/lib/python3.7/site-packages/django/template/base.py", line 829, in _resolve_lookup
    current = current[bit]
TypeError: 'ImageFieldFile' object is not subscriptable

During handling of the above exception, another exception occurred:

Traceback (most recent call last):
  File "/home/boorchin/virtualenv/M1/3.7/lib/python3.7/site-packages/django/core/handlers/exception.py", line 34, in inner
    response = get_response(request)
  File "/home/boorchin/virtualenv/M1/3.7/lib/python3.7/site-packages/django/core/handlers/base.py", line 115, in _get_response
    response = self.process_exception_by_middleware(e, request)
  File "/home/boorchin/virtualenv/M1/3.7/lib/python3.7/site-packages/django/core/handlers/base.py", line 113, in _get_response
    response = wrapped_callback(request, *callback_args, **callback_kwargs)
  File "/home/boorchin/virtualenv/M1/3.7/lib/python3.7/site-packages/django/contrib/auth/decorators.py", line 21, in _wrapped_view
    return view_func(request, *args, **kwargs)
  File "/home/boorchin/M1/bourseapp/views.py", line 287, in company_detail
    'fundamentals': fundamental,
  File "/home/boorchin/virtualenv/M1/3.7/lib/python3.7/site-packages/django/shortcuts.py", line 36, in render
    content = loader.render_to_string(template_name, context, request, using=using)
  File "/home/boorchin/virtualenv/M1/3.7/lib/python3.7/site-packages/django/template/loader.py", line 62, in render_to_string
    return template.render(context, request)
  File "/home/boorchin/virtualenv/M1/3.7/lib/python3.7/site-packages/django/template/backends/django.py", line 61, in render
    return self.template.render(context)
  File "/home/boorchin/virtualenv/M1/3.7/lib/python3.7/site-packages/django/template/base.py", line 171, in render
    return self._render(context)
  File "/home/boorchin/virtualenv/M1/3.7/lib/python3.7/site-packages/django/template/base.py", line 163, in _render
    return self.nodelist.render(context)
  File "/home/boorchin/virtualenv/M1/3.7/lib/python3.7/site-packages/django/template/base.py", line 937, in render
    bit = node.render_annotated(context)
  File "/home/boorchin/virtualenv/M1/3.7/lib/python3.7/site-packages/django/template/base.py", line 904, in render_annotated
    return self.render(context)
  File "/home/boorchin/virtualenv/M1/3.7/lib/python3.7/site-packages/django/template/loader_tags.py", line 150, in render
    return compiled_parent._render(context)
  File "/home/boorchin/virtualenv/M1/3.7/lib/python3.7/site-packages/django/template/base.py", line 163, in _render
    return self.nodelist.render(context)
  File "/home/boorchin/virtualenv/M1/3.7/lib/python3.7/site-packages/django/template/base.py", line 937, in render
    bit = node.render_annotated(context)
  File "/home/boorchin/virtualenv/M1/3.7/lib/python3.7/site-packages/django/template/base.py", line 904, in render_annotated
    return self.render(context)
  File "/home/boorchin/virtualenv/M1/3.7/lib/python3.7/site-packages/django/template/loader_tags.py", line 62, in render
    result = block.nodelist.render(context)
  File "/home/boorchin/virtualenv/M1/3.7/lib/python3.7/site-packages/django/template/base.py", line 937, in render
    bit = node.render_annotated(context)
  File "/home/boorchin/virtualenv/M1/3.7/lib/python3.7/site-packages/django/template/base.py", line 904, in render_annotated
    return self.render(context)
  File "/home/boorchin/virtualenv/M1/3.7/lib/python3.7/site-packages/django/template/base.py", line 987, in render
    output = self.filter_expression.resolve(context)
  File "/home/boorchin/virtualenv/M1/3.7/lib/python3.7/site-packages/django/template/base.py", line 671, in resolve
    obj = self.var.resolve(context)
  File "/home/boorchin/virtualenv/M1/3.7/lib/python3.7/site-packages/django/template/base.py", line 796, in resolve
    value = self._resolve_lookup(context)
  File "/home/boorchin/virtualenv/M1/3.7/lib/python3.7/site-packages/django/template/base.py", line 837, in _resolve_lookup
    current = getattr(current, bit)
  File "/home/boorchin/virtualenv/M1/3.7/lib/python3.7/site-packages/django/db/models/fields/files.py", line 61, in url
    self._require_file()
  File "/home/boorchin/virtualenv/M1/3.7/lib/python3.7/site-packages/django/db/models/fields/files.py", line 38, in _require_file
    raise ValueError("The '%s' attribute has no file associated with it." % self.field.name)
ValueError: The 'pic' attribute has no file associated with it.
Internal Server Error: /523/company-detail/
Traceback (most recent call last):
  File "/home/boorchin/virtualenv/M1/3.7/lib/python3.7/site-packages/django/template/base.py", line 829, in _resolve_lookup
    current = current[bit]
TypeError: 'ImageFieldFile' object is not subscriptable

During handling of the above exception, another exception occurred:

Traceback (most recent call last):
  File "/home/boorchin/virtualenv/M1/3.7/lib/python3.7/site-packages/django/core/handlers/exception.py", line 34, in inner
    response = get_response(request)
  File "/home/boorchin/virtualenv/M1/3.7/lib/python3.7/site-packages/django/core/handlers/base.py", line 115, in _get_response
    response = self.process_exception_by_middleware(e, request)
  File "/home/boorchin/virtualenv/M1/3.7/lib/python3.7/site-packages/django/core/handlers/base.py", line 113, in _get_response
    response = wrapped_callback(request, *callback_args, **callback_kwargs)
  File "/home/boorchin/virtualenv/M1/3.7/lib/python3.7/site-packages/django/contrib/auth/decorators.py", line 21, in _wrapped_view
    return view_func(request, *args, **kwargs)
  File "/home/boorchin/M1/bourseapp/views.py", line 287, in company_detail
    'fundamentals': fundamental,
  File "/home/boorchin/virtualenv/M1/3.7/lib/python3.7/site-packages/django/shortcuts.py", line 36, in render
    content = loader.render_to_string(template_name, context, request, using=using)
  File "/home/boorchin/virtualenv/M1/3.7/lib/python3.7/site-packages/django/template/loader.py", line 62, in render_to_string
    return template.render(context, request)
  File "/home/boorchin/virtualenv/M1/3.7/lib/python3.7/site-packages/django/template/backends/django.py", line 61, in render
    return self.template.render(context)
  File "/home/boorchin/virtualenv/M1/3.7/lib/python3.7/site-packages/django/template/base.py", line 171, in render
    return self._render(context)
  File "/home/boorchin/virtualenv/M1/3.7/lib/python3.7/site-packages/django/template/base.py", line 163, in _render
    return self.nodelist.render(context)
  File "/home/boorchin/virtualenv/M1/3.7/lib/python3.7/site-packages/django/template/base.py", line 937, in render
    bit = node.render_annotated(context)
  File "/home/boorchin/virtualenv/M1/3.7/lib/python3.7/site-packages/django/template/base.py", line 904, in render_annotated
    return self.render(context)
  File "/home/boorchin/virtualenv/M1/3.7/lib/python3.7/site-packages/django/template/loader_tags.py", line 150, in render
    return compiled_parent._render(context)
  File "/home/boorchin/virtualenv/M1/3.7/lib/python3.7/site-packages/django/template/base.py", line 163, in _render
    return self.nodelist.render(context)
  File "/home/boorchin/virtualenv/M1/3.7/lib/python3.7/site-packages/django/template/base.py", line 937, in render
    bit = node.render_annotated(context)
  File "/home/boorchin/virtualenv/M1/3.7/lib/python3.7/site-packages/django/template/base.py", line 904, in render_annotated
    return self.render(context)
  File "/home/boorchin/virtualenv/M1/3.7/lib/python3.7/site-packages/django/template/loader_tags.py", line 62, in render
    result = block.nodelist.render(context)
  File "/home/boorchin/virtualenv/M1/3.7/lib/python3.7/site-packages/django/template/base.py", line 937, in render
    bit = node.render_annotated(context)
  File "/home/boorchin/virtualenv/M1/3.7/lib/python3.7/site-packages/django/template/base.py", line 904, in render_annotated
    return self.render(context)
  File "/home/boorchin/virtualenv/M1/3.7/lib/python3.7/site-packages/django/template/base.py", line 987, in render
    output = self.filter_expression.resolve(context)
  File "/home/boorchin/virtualenv/M1/3.7/lib/python3.7/site-packages/django/template/base.py", line 671, in resolve
    obj = self.var.resolve(context)
  File "/home/boorchin/virtualenv/M1/3.7/lib/python3.7/site-packages/django/template/base.py", line 796, in resolve
    value = self._resolve_lookup(context)
  File "/home/boorchin/virtualenv/M1/3.7/lib/python3.7/site-packages/django/template/base.py", line 837, in _resolve_lookup
    current = getattr(current, bit)
  File "/home/boorchin/virtualenv/M1/3.7/lib/python3.7/site-packages/django/db/models/fields/files.py", line 61, in url
    self._require_file()
  File "/home/boorchin/virtualenv/M1/3.7/lib/python3.7/site-packages/django/db/models/fields/files.py", line 38, in _require_file
    raise ValueError("The '%s' attribute has no file associated with it." % self.field.name)
ValueError: The 'pic' attribute has no file associated with it.
2019-12-29 00:32:02.679920 [3046563] packetLen < 0
Not Found: /favicon.ico
Not Found: /favicon.ico
Forbidden (Permission denied): /admin/bourseapp/technical/10/change/
Traceback (most recent call last):
  File "/home/boorchin/virtualenv/M1/3.7/lib/python3.7/site-packages/django/core/handlers/exception.py", line 34, in inner
    response = get_response(request)
  File "/home/boorchin/virtualenv/M1/3.7/lib/python3.7/site-packages/django/core/handlers/base.py", line 115, in _get_response
    response = self.process_exception_by_middleware(e, request)
  File "/home/boorchin/virtualenv/M1/3.7/lib/python3.7/site-packages/django/core/handlers/base.py", line 113, in _get_response
    response = wrapped_callback(request, *callback_args, **callback_kwargs)
  File "/home/boorchin/virtualenv/M1/3.7/lib/python3.7/site-packages/django/contrib/admin/options.py", line 606, in wrapper
    return self.admin_site.admin_view(view)(*args, **kwargs)
  File "/home/boorchin/virtualenv/M1/3.7/lib/python3.7/site-packages/django/utils/decorators.py", line 142, in _wrapped_view
    response = view_func(request, *args, **kwargs)
  File "/home/boorchin/virtualenv/M1/3.7/lib/python3.7/site-packages/django/views/decorators/cache.py", line 44, in _wrapped_view_func
    response = view_func(request, *args, **kwargs)
  File "/home/boorchin/virtualenv/M1/3.7/lib/python3.7/site-packages/django/contrib/admin/sites.py", line 223, in inner
    return view(request, *args, **kwargs)
  File "/home/boorchin/virtualenv/M1/3.7/lib/python3.7/site-packages/django/contrib/admin/options.py", line 1648, in change_view
    return self.changeform_view(request, object_id, form_url, extra_context)
  File "/home/boorchin/virtualenv/M1/3.7/lib/python3.7/site-packages/django/utils/decorators.py", line 45, in _wrapper
    return bound_method(*args, **kwargs)
  File "/home/boorchin/virtualenv/M1/3.7/lib/python3.7/site-packages/django/utils/decorators.py", line 142, in _wrapped_view
    response = view_func(request, *args, **kwargs)
  File "/home/boorchin/virtualenv/M1/3.7/lib/python3.7/site-packages/django/contrib/admin/options.py", line 1529, in changeform_view
    return self._changeform_view(request, object_id, form_url, extra_context)
  File "/home/boorchin/virtualenv/M1/3.7/lib/python3.7/site-packages/django/contrib/admin/options.py", line 1557, in _changeform_view
    raise PermissionDenied
django.core.exceptions.PermissionDenied
Not Found: /favicon.ico
Internal Server Error: /268/company-detail/
Traceback (most recent call last):
  File "/home/boorchin/virtualenv/M1/3.7/lib/python3.7/site-packages/django/template/base.py", line 829, in _resolve_lookup
    current = current[bit]
TypeError: 'ImageFieldFile' object is not subscriptable

During handling of the above exception, another exception occurred:

Traceback (most recent call last):
  File "/home/boorchin/virtualenv/M1/3.7/lib/python3.7/site-packages/django/core/handlers/exception.py", line 34, in inner
    response = get_response(request)
  File "/home/boorchin/virtualenv/M1/3.7/lib/python3.7/site-packages/django/core/handlers/base.py", line 115, in _get_response
    response = self.process_exception_by_middleware(e, request)
  File "/home/boorchin/virtualenv/M1/3.7/lib/python3.7/site-packages/django/core/handlers/base.py", line 113, in _get_response
    response = wrapped_callback(request, *callback_args, **callback_kwargs)
  File "/home/boorchin/virtualenv/M1/3.7/lib/python3.7/site-packages/django/contrib/auth/decorators.py", line 21, in _wrapped_view
    return view_func(request, *args, **kwargs)
  File "/home/boorchin/M1/bourseapp/views.py", line 287, in company_detail
    'fundamentals': fundamental,
  File "/home/boorchin/virtualenv/M1/3.7/lib/python3.7/site-packages/django/shortcuts.py", line 36, in render
    content = loader.render_to_string(template_name, context, request, using=using)
  File "/home/boorchin/virtualenv/M1/3.7/lib/python3.7/site-packages/django/template/loader.py", line 62, in render_to_string
    return template.render(context, request)
  File "/home/boorchin/virtualenv/M1/3.7/lib/python3.7/site-packages/django/template/backends/django.py", line 61, in render
    return self.template.render(context)
  File "/home/boorchin/virtualenv/M1/3.7/lib/python3.7/site-packages/django/template/base.py", line 171, in render
    return self._render(context)
  File "/home/boorchin/virtualenv/M1/3.7/lib/python3.7/site-packages/django/template/base.py", line 163, in _render
    return self.nodelist.render(context)
  File "/home/boorchin/virtualenv/M1/3.7/lib/python3.7/site-packages/django/template/base.py", line 937, in render
    bit = node.render_annotated(context)
  File "/home/boorchin/virtualenv/M1/3.7/lib/python3.7/site-packages/django/template/base.py", line 904, in render_annotated
    return self.render(context)
  File "/home/boorchin/virtualenv/M1/3.7/lib/python3.7/site-packages/django/template/loader_tags.py", line 150, in render
    return compiled_parent._render(context)
  File "/home/boorchin/virtualenv/M1/3.7/lib/python3.7/site-packages/django/template/base.py", line 163, in _render
    return self.nodelist.render(context)
  File "/home/boorchin/virtualenv/M1/3.7/lib/python3.7/site-packages/django/template/base.py", line 937, in render
    bit = node.render_annotated(context)
  File "/home/boorchin/virtualenv/M1/3.7/lib/python3.7/site-packages/django/template/base.py", line 904, in render_annotated
    return self.render(context)
  File "/home/boorchin/virtualenv/M1/3.7/lib/python3.7/site-packages/django/template/loader_tags.py", line 62, in render
    result = block.nodelist.render(context)
  File "/home/boorchin/virtualenv/M1/3.7/lib/python3.7/site-packages/django/template/base.py", line 937, in render
    bit = node.render_annotated(context)
  File "/home/boorchin/virtualenv/M1/3.7/lib/python3.7/site-packages/django/template/base.py", line 904, in render_annotated
    return self.render(context)
  File "/home/boorchin/virtualenv/M1/3.7/lib/python3.7/site-packages/django/template/base.py", line 987, in render
    output = self.filter_expression.resolve(context)
  File "/home/boorchin/virtualenv/M1/3.7/lib/python3.7/site-packages/django/template/base.py", line 671, in resolve
    obj = self.var.resolve(context)
  File "/home/boorchin/virtualenv/M1/3.7/lib/python3.7/site-packages/django/template/base.py", line 796, in resolve
    value = self._resolve_lookup(context)
  File "/home/boorchin/virtualenv/M1/3.7/lib/python3.7/site-packages/django/template/base.py", line 837, in _resolve_lookup
    current = getattr(current, bit)
  File "/home/boorchin/virtualenv/M1/3.7/lib/python3.7/site-packages/django/db/models/fields/files.py", line 61, in url
    self._require_file()
  File "/home/boorchin/virtualenv/M1/3.7/lib/python3.7/site-packages/django/db/models/fields/files.py", line 38, in _require_file
    raise ValueError("The '%s' attribute has no file associated with it." % self.field.name)
ValueError: The 'pic' attribute has no file associated with it.
Internal Server Error: /268/company-detail/
Traceback (most recent call last):
  File "/home/boorchin/virtualenv/M1/3.7/lib/python3.7/site-packages/django/template/base.py", line 829, in _resolve_lookup
    current = current[bit]
TypeError: 'ImageFieldFile' object is not subscriptable

During handling of the above exception, another exception occurred:

Traceback (most recent call last):
  File "/home/boorchin/virtualenv/M1/3.7/lib/python3.7/site-packages/django/core/handlers/exception.py", line 34, in inner
    response = get_response(request)
  File "/home/boorchin/virtualenv/M1/3.7/lib/python3.7/site-packages/django/core/handlers/base.py", line 115, in _get_response
    response = self.process_exception_by_middleware(e, request)
  File "/home/boorchin/virtualenv/M1/3.7/lib/python3.7/site-packages/django/core/handlers/base.py", line 113, in _get_response
    response = wrapped_callback(request, *callback_args, **callback_kwargs)
  File "/home/boorchin/virtualenv/M1/3.7/lib/python3.7/site-packages/django/contrib/auth/decorators.py", line 21, in _wrapped_view
    return view_func(request, *args, **kwargs)
  File "/home/boorchin/M1/bourseapp/views.py", line 287, in company_detail
    'fundamentals': fundamental,
  File "/home/boorchin/virtualenv/M1/3.7/lib/python3.7/site-packages/django/shortcuts.py", line 36, in render
    content = loader.render_to_string(template_name, context, request, using=using)
  File "/home/boorchin/virtualenv/M1/3.7/lib/python3.7/site-packages/django/template/loader.py", line 62, in render_to_string
    return template.render(context, request)
  File "/home/boorchin/virtualenv/M1/3.7/lib/python3.7/site-packages/django/template/backends/django.py", line 61, in render
    return self.template.render(context)
  File "/home/boorchin/virtualenv/M1/3.7/lib/python3.7/site-packages/django/template/base.py", line 171, in render
    return self._render(context)
  File "/home/boorchin/virtualenv/M1/3.7/lib/python3.7/site-packages/django/template/base.py", line 163, in _render
    return self.nodelist.render(context)
  File "/home/boorchin/virtualenv/M1/3.7/lib/python3.7/site-packages/django/template/base.py", line 937, in render
    bit = node.render_annotated(context)
  File "/home/boorchin/virtualenv/M1/3.7/lib/python3.7/site-packages/django/template/base.py", line 904, in render_annotated
    return self.render(context)
  File "/home/boorchin/virtualenv/M1/3.7/lib/python3.7/site-packages/django/template/loader_tags.py", line 150, in render
    return compiled_parent._render(context)
  File "/home/boorchin/virtualenv/M1/3.7/lib/python3.7/site-packages/django/template/base.py", line 163, in _render
    return self.nodelist.render(context)
  File "/home/boorchin/virtualenv/M1/3.7/lib/python3.7/site-packages/django/template/base.py", line 937, in render
    bit = node.render_annotated(context)
  File "/home/boorchin/virtualenv/M1/3.7/lib/python3.7/site-packages/django/template/base.py", line 904, in render_annotated
    return self.render(context)
  File "/home/boorchin/virtualenv/M1/3.7/lib/python3.7/site-packages/django/template/loader_tags.py", line 62, in render
    result = block.nodelist.render(context)
  File "/home/boorchin/virtualenv/M1/3.7/lib/python3.7/site-packages/django/template/base.py", line 937, in render
    bit = node.render_annotated(context)
  File "/home/boorchin/virtualenv/M1/3.7/lib/python3.7/site-packages/django/template/base.py", line 904, in render_annotated
    return self.render(context)
  File "/home/boorchin/virtualenv/M1/3.7/lib/python3.7/site-packages/django/template/base.py", line 987, in render
    output = self.filter_expression.resolve(context)
  File "/home/boorchin/virtualenv/M1/3.7/lib/python3.7/site-packages/django/template/base.py", line 671, in resolve
    obj = self.var.resolve(context)
  File "/home/boorchin/virtualenv/M1/3.7/lib/python3.7/site-packages/django/template/base.py", line 796, in resolve
    value = self._resolve_lookup(context)
  File "/home/boorchin/virtualenv/M1/3.7/lib/python3.7/site-packages/django/template/base.py", line 837, in _resolve_lookup
    current = getattr(current, bit)
  File "/home/boorchin/virtualenv/M1/3.7/lib/python3.7/site-packages/django/db/models/fields/files.py", line 61, in url
    self._require_file()
  File "/home/boorchin/virtualenv/M1/3.7/lib/python3.7/site-packages/django/db/models/fields/files.py", line 38, in _require_file
    raise ValueError("The '%s' attribute has no file associated with it." % self.field.name)
ValueError: The 'pic' attribute has no file associated with it.
Invalid HTTP_HOST header: 'mail.mediabourse.ir'. You may need to add 'mail.mediabourse.ir' to ALLOWED_HOSTS.
Bad Request: /
Invalid HTTP_HOST header: 'mail.mediabourse.ir'. You may need to add 'mail.mediabourse.ir' to ALLOWED_HOSTS.
Bad Request: /
Not Found: /robots.txt
Not Found: /favicon.ico
2019-12-29 18:35:22.885165 [2082256] Reached max children process limit: 6, extra: 2, current: 8, busy: 8, please increase LSAPI_CHILDREN.
2019-12-29 18:35:22.985435 [2082256] Reached max children process limit: 6, extra: 2, current: 8, busy: 8, please increase LSAPI_CHILDREN.
2019-12-29 18:35:23.085692 [2082256] Reached max children process limit: 6, extra: 2, current: 8, busy: 8, please increase LSAPI_CHILDREN.
2019-12-29 18:35:23.186489 [2082256] Reached max children process limit: 6, extra: 2, current: 8, busy: 8, please increase LSAPI_CHILDREN.
2019-12-29 18:35:23.327773 [2082256] Reached max children process limit: 6, extra: 2, current: 8, busy: 8, please increase LSAPI_CHILDREN.
Not Found: /mediabourse.ir
2019-12-29 18:35:23.429120 [2082256] Reached max children process limit: 6, extra: 2, current: 8, busy: 8, please increase LSAPI_CHILDREN.
2019-12-29 18:35:23.531730 [2082256] Reached max children process limit: 6, extra: 2, current: 8, busy: 8, please increase LSAPI_CHILDREN.
2019-12-29 18:35:23.632652 [2082256] Reached max children process limit: 6, extra: 2, current: 8, busy: 8, please increase LSAPI_CHILDREN.
2019-12-29 18:35:23.733034 [2082256] Reached max children process limit: 6, extra: 2, current: 8, busy: 8, please increase LSAPI_CHILDREN.
2019-12-29 18:35:23.833979 [2082256] Reached max children process limit: 6, extra: 2, current: 8, busy: 8, please increase LSAPI_CHILDREN.
2019-12-29 18:35:23.934295 [2082256] Reached max children process limit: 6, extra: 2, current: 8, busy: 8, please increase LSAPI_CHILDREN.
2019-12-29 18:35:24.045071 [2082256] Reached max children process limit: 6, extra: 2, current: 8, busy: 8, please increase LSAPI_CHILDREN.
2019-12-29 18:35:24.146301 [2082256] Reached max children process limit: 6, extra: 2, current: 8, busy: 8, please increase LSAPI_CHILDREN.
2019-12-29 18:35:24.247101 [2082256] Reached max children process limit: 6, extra: 2, current: 8, busy: 8, please increase LSAPI_CHILDREN.
2019-12-29 18:35:24.347912 [2082256] Reached max children process limit: 6, extra: 2, current: 8, busy: 8, please increase LSAPI_CHILDREN.
2019-12-29 18:35:24.448987 [2082256] Reached max children process limit: 6, extra: 2, current: 8, busy: 8, please increase LSAPI_CHILDREN.
2019-12-29 18:35:24.549769 [2082256] Reached max children process limit: 6, extra: 2, current: 8, busy: 8, please increase LSAPI_CHILDREN.
2019-12-29 18:35:24.650502 [2082256] Reached max children process limit: 6, extra: 2, current: 8, busy: 8, please increase LSAPI_CHILDREN.
2019-12-29 18:35:24.750886 [2082256] Reached max children process limit: 6, extra: 2, current: 8, busy: 8, please increase LSAPI_CHILDREN.
2019-12-29 18:35:24.851740 [2082256] Reached max children process limit: 6, extra: 2, current: 8, busy: 8, please increase LSAPI_CHILDREN.
2019-12-29 18:35:24.952444 [2082256] Reached max children process limit: 6, extra: 2, current: 8, busy: 8, please increase LSAPI_CHILDREN.
2019-12-29 18:35:25.052764 [2082256] Reached max children process limit: 6, extra: 2, current: 8, busy: 8, please increase LSAPI_CHILDREN.
2019-12-29 18:35:25.116037 [2082256] Reached max children process limit: 6, extra: 2, current: 8, busy: 7, please increase LSAPI_CHILDREN.
2019-12-29 18:35:25.216405 [2082256] Reached max children process limit: 6, extra: 2, current: 8, busy: 8, please increase LSAPI_CHILDREN.
2019-12-29 18:35:25.317112 [2082256] Reached max children process limit: 6, extra: 2, current: 8, busy: 8, please increase LSAPI_CHILDREN.
2019-12-29 18:35:25.417770 [2082256] Reached max children process limit: 6, extra: 2, current: 8, busy: 8, please increase LSAPI_CHILDREN.
2019-12-29 18:35:25.518595 [2082256] Reached max children process limit: 6, extra: 2, current: 8, busy: 8, please increase LSAPI_CHILDREN.
2019-12-29 18:35:25.558639 [2082256] Reached max children process limit: 6, extra: 2, current: 8, busy: 8, please increase LSAPI_CHILDREN.
Not Found: /favicon.ico
Not Found: /favicon.ico
Not Found: /robots.txt
Forbidden (Permission denied): /admin/bourseapp/company/268/change/
Traceback (most recent call last):
  File "/home/boorchin/virtualenv/M1/3.7/lib/python3.7/site-packages/django/core/handlers/exception.py", line 34, in inner
    response = get_response(request)
  File "/home/boorchin/virtualenv/M1/3.7/lib/python3.7/site-packages/django/core/handlers/base.py", line 115, in _get_response
    response = self.process_exception_by_middleware(e, request)
  File "/home/boorchin/virtualenv/M1/3.7/lib/python3.7/site-packages/django/core/handlers/base.py", line 113, in _get_response
    response = wrapped_callback(request, *callback_args, **callback_kwargs)
  File "/home/boorchin/virtualenv/M1/3.7/lib/python3.7/site-packages/django/contrib/admin/options.py", line 606, in wrapper
    return self.admin_site.admin_view(view)(*args, **kwargs)
  File "/home/boorchin/virtualenv/M1/3.7/lib/python3.7/site-packages/django/utils/decorators.py", line 142, in _wrapped_view
    response = view_func(request, *args, **kwargs)
  File "/home/boorchin/virtualenv/M1/3.7/lib/python3.7/site-packages/django/views/decorators/cache.py", line 44, in _wrapped_view_func
    response = view_func(request, *args, **kwargs)
  File "/home/boorchin/virtualenv/M1/3.7/lib/python3.7/site-packages/django/contrib/admin/sites.py", line 223, in inner
    return view(request, *args, **kwargs)
  File "/home/boorchin/virtualenv/M1/3.7/lib/python3.7/site-packages/django/contrib/admin/options.py", line 1648, in change_view
    return self.changeform_view(request, object_id, form_url, extra_context)
  File "/home/boorchin/virtualenv/M1/3.7/lib/python3.7/site-packages/django/utils/decorators.py", line 45, in _wrapper
    return bound_method(*args, **kwargs)
  File "/home/boorchin/virtualenv/M1/3.7/lib/python3.7/site-packages/django/utils/decorators.py", line 142, in _wrapped_view
    response = view_func(request, *args, **kwargs)
  File "/home/boorchin/virtualenv/M1/3.7/lib/python3.7/site-packages/django/contrib/admin/options.py", line 1529, in changeform_view
    return self._changeform_view(request, object_id, form_url, extra_context)
  File "/home/boorchin/virtualenv/M1/3.7/lib/python3.7/site-packages/django/contrib/admin/options.py", line 1557, in _changeform_view
    raise PermissionDenied
django.core.exceptions.PermissionDenied
Not Found: /favicon.ico
Not Found: /favicon.ico
2019-12-30 07:22:31.633155 [ERROR] [2440699] wsgiAppHandler pApp->start_response() return NULL.
Traceback (most recent call last):
  File "/home/boorchin/virtualenv/M1/3.7/lib/python3.7/site-packages/django/core/handlers/wsgi.py", line 138, in __call__
    set_script_prefix(get_script_name(environ))
  File "/home/boorchin/virtualenv/M1/3.7/lib/python3.7/site-packages/django/core/handlers/wsgi.py", line 179, in get_script_name
    script_url = get_bytes_from_wsgi(environ, 'SCRIPT_URL', '') or get_bytes_from_wsgi(environ, 'REDIRECT_URL', '')
  File "/home/boorchin/virtualenv/M1/3.7/lib/python3.7/site-packages/django/core/handlers/wsgi.py", line 204, in get_bytes_from_wsgi
    return value.encode('iso-8859-1')
UnicodeEncodeError: 'latin-1' codec can't encode characters in position 16-19: ordinal not in range(256)
Not Found: /favicon.ico
Not Found: /favicon.ico
Not Found: /favicon.ico
Not Found: /favicon.ico
Not Found: /favicon.ico
Not Found: /robots.txt
